<?xml version="1.0" encoding="UTF-8" ?>
<testsuite tests="60" failures="31" name="TestSuite" time="214.461" errors="0" skipped="29">
  <properties>
    <property name="java.runtime.name" value="OpenJDK Runtime Environment"/>
    <property name="java.vm.version" value="13.0.2+8"/>
    <property name="sun.boot.library.path" value="/usr/local/Cellar/openjdk/13.0.2+8_2/libexec/openjdk.jdk/Contents/Home/lib"/>
    <property name="maven.multiModuleProjectDirectory" value="/Users/barrettratliff/Documents/GEDWeb/sauce-poc"/>
    <property name="java.vm.vendor" value="Oracle Corporation"/>
    <property name="java.vendor.url" value="https://openjdk.java.net/"/>
    <property name="guice.disable.misplaced.annotation.check" value="true"/>
    <property name="path.separator" value=":"/>
    <property name="java.vm.name" value="OpenJDK 64-Bit Server VM"/>
    <property name="user.country" value="US"/>
    <property name="sun.java.launcher" value="SUN_STANDARD"/>
    <property name="java.vm.specification.name" value="Java Virtual Machine Specification"/>
    <property name="user.dir" value="/Users/barrettratliff/Documents/GEDWeb/sauce-poc"/>
    <property name="java.vm.compressedOopsMode" value="Zero based"/>
    <property name="java.runtime.version" value="13.0.2+8"/>
    <property name="os.arch" value="x86_64"/>
    <property name="java.io.tmpdir" value="/var/folders/5l/j2dpvxsx5tq22gt8b4942kyw0000gn/T/"/>
    <property name="line.separator" value="
"/>
    <property name="java.vm.specification.vendor" value="Oracle Corporation"/>
    <property name="os.name" value="Mac OS X"/>
    <property name="classworlds.conf" value="/usr/local/Cellar/maven/3.6.3_1/libexec/bin/m2.conf"/>
    <property name="sun.jnu.encoding" value="UTF-8"/>
    <property name="java.library.path" value="/Users/barrettratliff/Library/Java/Extensions:/Library/Java/Extensions:/Network/Library/Java/Extensions:/System/Library/Java/Extensions:/usr/lib/java:."/>
    <property name="maven.conf" value="/usr/local/Cellar/maven/3.6.3_1/libexec/conf"/>
    <property name="jdk.debug" value="release"/>
    <property name="java.class.version" value="57.0"/>
    <property name="java.specification.name" value="Java Platform API Specification"/>
    <property name="sun.management.compiler" value="HotSpot 64-Bit Tiered Compilers"/>
    <property name="os.version" value="10.13.6"/>
    <property name="library.jansi.path" value="/usr/local/Cellar/maven/3.6.3_1/libexec/lib/jansi-native"/>
    <property name="http.nonProxyHosts" value="local|*.local|169.254/16|*.169.254/16"/>
    <property name="user.home" value="/Users/barrettratliff"/>
    <property name="user.timezone" value="America/New_York"/>
    <property name="file.encoding" value="UTF-8"/>
    <property name="java.specification.version" value="13"/>
    <property name="user.name" value="barrettratliff"/>
    <property name="java.class.path" value="/usr/local/Cellar/maven/3.6.3_1/libexec/boot/plexus-classworlds-2.6.0.jar"/>
    <property name="java.vm.specification.version" value="13"/>
    <property name="sun.arch.data.model" value="64"/>
    <property name="sun.java.command" value="org.codehaus.plexus.classworlds.launcher.Launcher test"/>
    <property name="java.home" value="/usr/local/Cellar/openjdk/13.0.2+8_2/libexec/openjdk.jdk/Contents/Home"/>
    <property name="user.language" value="en"/>
    <property name="java.specification.vendor" value="Oracle Corporation"/>
    <property name="java.vm.info" value="mixed mode, sharing"/>
    <property name="java.version" value="13.0.2"/>
    <property name="java.vendor" value="N/A"/>
    <property name="maven.home" value="/usr/local/Cellar/maven/3.6.3_1/libexec"/>
    <property name="file.separator" value="/"/>
    <property name="java.version.date" value="2020-01-14"/>
    <property name="java.vendor.url.bug" value="https://bugreport.java.com/bugreport/"/>
    <property name="sun.io.unicode.encoding" value="UnicodeBig"/>
    <property name="sun.cpu.endian" value="little"/>
    <property name="socksNonProxyHosts" value="local|*.local|169.254/16|*.169.254/16"/>
    <property name="ftp.nonProxyHosts" value="local|*.local|169.254/16|*.169.254/16"/>
  </properties>
  <testcase classname="com.yourcompany.Tests.ContactFormTest" name="contactFormTest" time="3.28">
    <failure message="Unable to parse remote response: Misconfigured -- Sauce Labs Authentication Error.
You used username &apos;null&apos; and access key &apos;null&apos; to authenticate, which are not valid Sauce Labs credentials.

The following desired capabilities were received:
{&apos;browserName&apos;: &apos;firefox&apos;,
 &apos;name&apos;: &apos;contactFormTest&apos;,
 &apos;platform&apos;: &apos;WIN10&apos;,
 &apos;version&apos;: &apos;latest&apos;}
Build info: version: &apos;3.11.0&apos;, revision: &apos;e59cfb3&apos;, time: &apos;2018-03-11T20:26:55.152Z&apos;
System info: host: &apos;GC02RH2WYG8WPE&apos;, ip: &apos;192.168.1.107&apos;, os.name: &apos;Mac OS X&apos;, os.arch: &apos;x86_64&apos;, os.version: &apos;10.13.6&apos;, java.version: &apos;13.0.2&apos;
Driver info: driver.version: RemoteWebDriver" type="org.openqa.selenium.WebDriverException">org.openqa.selenium.WebDriverException: Unable to parse remote response: Misconfigured -- Sauce Labs Authentication Error.
You used username &apos;null&apos; and access key &apos;null&apos; to authenticate, which are not valid Sauce Labs credentials.
The following desired capabilities were received:
{&apos;browserName&apos;: &apos;firefox&apos;,
 &apos;name&apos;: &apos;contactFormTest&apos;,
 &apos;platform&apos;: &apos;WIN10&apos;,
 &apos;version&apos;: &apos;latest&apos;}
Build info: version: &apos;3.11.0&apos;, revision: &apos;e59cfb3&apos;, time: &apos;2018-03-11T20:26:55.152Z&apos;
System info: host: &apos;GC02RH2WYG8WPE&apos;, ip: &apos;192.168.1.107&apos;, os.name: &apos;Mac OS X&apos;, os.arch: &apos;x86_64&apos;, os.version: &apos;10.13.6&apos;, java.version: &apos;13.0.2&apos;
Driver info: driver.version: RemoteWebDriver
	at org.openqa.selenium.remote.ProtocolHandshake.createSession(ProtocolHandshake.java:111)
	at org.openqa.selenium.remote.ProtocolHandshake.createSession(ProtocolHandshake.java:73)
	at org.openqa.selenium.remote.HttpCommandExecutor.execute(HttpCommandExecutor.java:136)
	at org.openqa.selenium.remote.RemoteWebDriver.execute(RemoteWebDriver.java:545)
	at org.openqa.selenium.remote.RemoteWebDriver.startSession(RemoteWebDriver.java:209)
	at org.openqa.selenium.remote.RemoteWebDriver.&lt;init&gt;(RemoteWebDriver.java:132)
	at org.openqa.selenium.remote.RemoteWebDriver.&lt;init&gt;(RemoteWebDriver.java:145)
	at com.yourcompany.Tests.TestBase.createDriver(TestBase.java:116)
	at com.yourcompany.Tests.ContactFormTest.contactFormTest(ContactFormTest.java:28)
</failure>
    <system-out>Configuring TestNG with: org.apache.maven.surefire.testng.conf.TestNG652Configurator@27abe2cd
</system-out>
  </testcase>
  <testcase classname="com.yourcompany.Tests.ContactFormTest" name="tearDown" time="3.28">
    <failure type="java.lang.NullPointerException">java.lang.NullPointerException
	at com.yourcompany.Tests.TestBase.tearDown(TestBase.java:133)
	at java.base/jdk.internal.reflect.NativeMethodAccessorImpl.invoke0(Native Method)
	at java.base/jdk.internal.reflect.NativeMethodAccessorImpl.invoke(NativeMethodAccessorImpl.java:62)
	at java.base/jdk.internal.reflect.DelegatingMethodAccessorImpl.invoke(DelegatingMethodAccessorImpl.java:43)
	at java.base/java.lang.reflect.Method.invoke(Method.java:567)
	at org.testng.internal.MethodInvocationHelper.invokeMethod(MethodInvocationHelper.java:104)
	at org.testng.internal.Invoker.invokeConfigurationMethod(Invoker.java:515)
	at org.testng.internal.Invoker.invokeConfigurations(Invoker.java:217)
	at org.testng.internal.Invoker.invokeMethod(Invoker.java:712)
	at org.testng.internal.Invoker.invokeTestMethod(Invoker.java:851)
	at org.testng.internal.TestMethodWithDataProviderMethodWorker.call(TestMethodWithDataProviderMethodWorker.java:75)
	at org.testng.internal.TestMethodWithDataProviderMethodWorker.call(TestMethodWithDataProviderMethodWorker.java:14)
	at java.base/java.util.concurrent.FutureTask.run(FutureTask.java:264)
	at java.base/java.util.concurrent.Executors$RunnableAdapter.call(Executors.java:515)
	at java.base/java.util.concurrent.FutureTask.run(FutureTask.java:264)
	at java.base/java.util.concurrent.ThreadPoolExecutor.runWorker(ThreadPoolExecutor.java:1128)
	at java.base/java.util.concurrent.ThreadPoolExecutor$Worker.run(ThreadPoolExecutor.java:628)
	at java.base/java.lang.Thread.run(Thread.java:830)
</failure>
  </testcase>
  <testcase classname="com.yourcompany.Tests.ContactFormTest" name="contactFormTest" time="3.319">
    <failure message="Unable to parse remote response: Misconfigured -- Sauce Labs Authentication Error.
You used username &apos;null&apos; and access key &apos;null&apos; to authenticate, which are not valid Sauce Labs credentials.

The following desired capabilities were received:
{&apos;browserName&apos;: &apos;chrome&apos;,
 &apos;name&apos;: &apos;contactFormTest&apos;,
 &apos;platform&apos;: &apos;macOS 10.15&apos;,
 &apos;version&apos;: &apos;latest-1&apos;}
Build info: version: &apos;3.11.0&apos;, revision: &apos;e59cfb3&apos;, time: &apos;2018-03-11T20:26:55.152Z&apos;
System info: host: &apos;GC02RH2WYG8WPE&apos;, ip: &apos;192.168.1.107&apos;, os.name: &apos;Mac OS X&apos;, os.arch: &apos;x86_64&apos;, os.version: &apos;10.13.6&apos;, java.version: &apos;13.0.2&apos;
Driver info: driver.version: RemoteWebDriver" type="org.openqa.selenium.WebDriverException">org.openqa.selenium.WebDriverException: Unable to parse remote response: Misconfigured -- Sauce Labs Authentication Error.
You used username &apos;null&apos; and access key &apos;null&apos; to authenticate, which are not valid Sauce Labs credentials.
The following desired capabilities were received:
{&apos;browserName&apos;: &apos;chrome&apos;,
 &apos;name&apos;: &apos;contactFormTest&apos;,
 &apos;platform&apos;: &apos;macOS 10.15&apos;,
 &apos;version&apos;: &apos;latest-1&apos;}
Build info: version: &apos;3.11.0&apos;, revision: &apos;e59cfb3&apos;, time: &apos;2018-03-11T20:26:55.152Z&apos;
System info: host: &apos;GC02RH2WYG8WPE&apos;, ip: &apos;192.168.1.107&apos;, os.name: &apos;Mac OS X&apos;, os.arch: &apos;x86_64&apos;, os.version: &apos;10.13.6&apos;, java.version: &apos;13.0.2&apos;
Driver info: driver.version: RemoteWebDriver
	at org.openqa.selenium.remote.ProtocolHandshake.createSession(ProtocolHandshake.java:111)
	at org.openqa.selenium.remote.ProtocolHandshake.createSession(ProtocolHandshake.java:73)
	at org.openqa.selenium.remote.HttpCommandExecutor.execute(HttpCommandExecutor.java:136)
	at org.openqa.selenium.remote.RemoteWebDriver.execute(RemoteWebDriver.java:545)
	at org.openqa.selenium.remote.RemoteWebDriver.startSession(RemoteWebDriver.java:209)
	at org.openqa.selenium.remote.RemoteWebDriver.&lt;init&gt;(RemoteWebDriver.java:132)
	at org.openqa.selenium.remote.RemoteWebDriver.&lt;init&gt;(RemoteWebDriver.java:145)
	at com.yourcompany.Tests.TestBase.createDriver(TestBase.java:116)
	at com.yourcompany.Tests.ContactFormTest.contactFormTest(ContactFormTest.java:28)
</failure>
  </testcase>
  <testcase classname="com.yourcompany.Tests.PAOIEndpointTest" name="verifyPAOIEndpointTest" time="3.32">
    <failure message="Unable to parse remote response: Misconfigured -- Sauce Labs Authentication Error.
You used username &apos;null&apos; and access key &apos;null&apos; to authenticate, which are not valid Sauce Labs credentials.

The following desired capabilities were received:
{&apos;browserName&apos;: &apos;chrome&apos;,
 &apos;name&apos;: &apos;verifyPAOIEndpointTest&apos;,
 &apos;platform&apos;: &apos;WIN10&apos;,
 &apos;version&apos;: &apos;latest-1&apos;}
Build info: version: &apos;3.11.0&apos;, revision: &apos;e59cfb3&apos;, time: &apos;2018-03-11T20:26:55.152Z&apos;
System info: host: &apos;GC02RH2WYG8WPE&apos;, ip: &apos;192.168.1.107&apos;, os.name: &apos;Mac OS X&apos;, os.arch: &apos;x86_64&apos;, os.version: &apos;10.13.6&apos;, java.version: &apos;13.0.2&apos;
Driver info: driver.version: RemoteWebDriver" type="org.openqa.selenium.WebDriverException">org.openqa.selenium.WebDriverException: Unable to parse remote response: Misconfigured -- Sauce Labs Authentication Error.
You used username &apos;null&apos; and access key &apos;null&apos; to authenticate, which are not valid Sauce Labs credentials.
The following desired capabilities were received:
{&apos;browserName&apos;: &apos;chrome&apos;,
 &apos;name&apos;: &apos;verifyPAOIEndpointTest&apos;,
 &apos;platform&apos;: &apos;WIN10&apos;,
 &apos;version&apos;: &apos;latest-1&apos;}
Build info: version: &apos;3.11.0&apos;, revision: &apos;e59cfb3&apos;, time: &apos;2018-03-11T20:26:55.152Z&apos;
System info: host: &apos;GC02RH2WYG8WPE&apos;, ip: &apos;192.168.1.107&apos;, os.name: &apos;Mac OS X&apos;, os.arch: &apos;x86_64&apos;, os.version: &apos;10.13.6&apos;, java.version: &apos;13.0.2&apos;
Driver info: driver.version: RemoteWebDriver
	at org.openqa.selenium.remote.ProtocolHandshake.createSession(ProtocolHandshake.java:111)
	at org.openqa.selenium.remote.ProtocolHandshake.createSession(ProtocolHandshake.java:73)
	at org.openqa.selenium.remote.HttpCommandExecutor.execute(HttpCommandExecutor.java:136)
	at org.openqa.selenium.remote.RemoteWebDriver.execute(RemoteWebDriver.java:545)
	at org.openqa.selenium.remote.RemoteWebDriver.startSession(RemoteWebDriver.java:209)
	at org.openqa.selenium.remote.RemoteWebDriver.&lt;init&gt;(RemoteWebDriver.java:132)
	at org.openqa.selenium.remote.RemoteWebDriver.&lt;init&gt;(RemoteWebDriver.java:145)
	at com.yourcompany.Tests.TestBase.createDriver(TestBase.java:116)
	at com.yourcompany.Tests.PAOIEndpointTest.verifyPAOIEndpointTest(PAOIEndpointTest.java:29)
</failure>
  </testcase>
  <testcase classname="com.yourcompany.Tests.PAOIEndpointTest" name="verifyPAOIEndpointTest" time="3.32">
    <failure message="Unable to parse remote response: Misconfigured -- Sauce Labs Authentication Error.
You used username &apos;null&apos; and access key &apos;null&apos; to authenticate, which are not valid Sauce Labs credentials.

The following desired capabilities were received:
{&apos;browserName&apos;: &apos;MicrosoftEdge&apos;,
 &apos;name&apos;: &apos;verifyPAOIEndpointTest&apos;,
 &apos;platform&apos;: &apos;WIN10&apos;,
 &apos;version&apos;: &apos;latest-1&apos;}
Build info: version: &apos;3.11.0&apos;, revision: &apos;e59cfb3&apos;, time: &apos;2018-03-11T20:26:55.152Z&apos;
System info: host: &apos;GC02RH2WYG8WPE&apos;, ip: &apos;192.168.1.107&apos;, os.name: &apos;Mac OS X&apos;, os.arch: &apos;x86_64&apos;, os.version: &apos;10.13.6&apos;, java.version: &apos;13.0.2&apos;
Driver info: driver.version: RemoteWebDriver" type="org.openqa.selenium.WebDriverException">org.openqa.selenium.WebDriverException: Unable to parse remote response: Misconfigured -- Sauce Labs Authentication Error.
You used username &apos;null&apos; and access key &apos;null&apos; to authenticate, which are not valid Sauce Labs credentials.
The following desired capabilities were received:
{&apos;browserName&apos;: &apos;MicrosoftEdge&apos;,
 &apos;name&apos;: &apos;verifyPAOIEndpointTest&apos;,
 &apos;platform&apos;: &apos;WIN10&apos;,
 &apos;version&apos;: &apos;latest-1&apos;}
Build info: version: &apos;3.11.0&apos;, revision: &apos;e59cfb3&apos;, time: &apos;2018-03-11T20:26:55.152Z&apos;
System info: host: &apos;GC02RH2WYG8WPE&apos;, ip: &apos;192.168.1.107&apos;, os.name: &apos;Mac OS X&apos;, os.arch: &apos;x86_64&apos;, os.version: &apos;10.13.6&apos;, java.version: &apos;13.0.2&apos;
Driver info: driver.version: RemoteWebDriver
	at org.openqa.selenium.remote.ProtocolHandshake.createSession(ProtocolHandshake.java:111)
	at org.openqa.selenium.remote.ProtocolHandshake.createSession(ProtocolHandshake.java:73)
	at org.openqa.selenium.remote.HttpCommandExecutor.execute(HttpCommandExecutor.java:136)
	at org.openqa.selenium.remote.RemoteWebDriver.execute(RemoteWebDriver.java:545)
	at org.openqa.selenium.remote.RemoteWebDriver.startSession(RemoteWebDriver.java:209)
	at org.openqa.selenium.remote.RemoteWebDriver.&lt;init&gt;(RemoteWebDriver.java:132)
	at org.openqa.selenium.remote.RemoteWebDriver.&lt;init&gt;(RemoteWebDriver.java:145)
	at com.yourcompany.Tests.TestBase.createDriver(TestBase.java:116)
	at com.yourcompany.Tests.PAOIEndpointTest.verifyPAOIEndpointTest(PAOIEndpointTest.java:29)
</failure>
  </testcase>
  <testcase classname="com.yourcompany.Tests.PAOIEndpointTest" name="verifyPAOIEndpointTest" time="3.32">
    <failure message="Unable to parse remote response: Misconfigured -- Sauce Labs Authentication Error.
You used username &apos;null&apos; and access key &apos;null&apos; to authenticate, which are not valid Sauce Labs credentials.

The following desired capabilities were received:
{&apos;browserName&apos;: &apos;firefox&apos;,
 &apos;name&apos;: &apos;verifyPAOIEndpointTest&apos;,
 &apos;platform&apos;: &apos;WIN10&apos;,
 &apos;version&apos;: &apos;latest&apos;}
Build info: version: &apos;3.11.0&apos;, revision: &apos;e59cfb3&apos;, time: &apos;2018-03-11T20:26:55.152Z&apos;
System info: host: &apos;GC02RH2WYG8WPE&apos;, ip: &apos;192.168.1.107&apos;, os.name: &apos;Mac OS X&apos;, os.arch: &apos;x86_64&apos;, os.version: &apos;10.13.6&apos;, java.version: &apos;13.0.2&apos;
Driver info: driver.version: RemoteWebDriver" type="org.openqa.selenium.WebDriverException">org.openqa.selenium.WebDriverException: Unable to parse remote response: Misconfigured -- Sauce Labs Authentication Error.
You used username &apos;null&apos; and access key &apos;null&apos; to authenticate, which are not valid Sauce Labs credentials.
The following desired capabilities were received:
{&apos;browserName&apos;: &apos;firefox&apos;,
 &apos;name&apos;: &apos;verifyPAOIEndpointTest&apos;,
 &apos;platform&apos;: &apos;WIN10&apos;,
 &apos;version&apos;: &apos;latest&apos;}
Build info: version: &apos;3.11.0&apos;, revision: &apos;e59cfb3&apos;, time: &apos;2018-03-11T20:26:55.152Z&apos;
System info: host: &apos;GC02RH2WYG8WPE&apos;, ip: &apos;192.168.1.107&apos;, os.name: &apos;Mac OS X&apos;, os.arch: &apos;x86_64&apos;, os.version: &apos;10.13.6&apos;, java.version: &apos;13.0.2&apos;
Driver info: driver.version: RemoteWebDriver
	at org.openqa.selenium.remote.ProtocolHandshake.createSession(ProtocolHandshake.java:111)
	at org.openqa.selenium.remote.ProtocolHandshake.createSession(ProtocolHandshake.java:73)
	at org.openqa.selenium.remote.HttpCommandExecutor.execute(HttpCommandExecutor.java:136)
	at org.openqa.selenium.remote.RemoteWebDriver.execute(RemoteWebDriver.java:545)
	at org.openqa.selenium.remote.RemoteWebDriver.startSession(RemoteWebDriver.java:209)
	at org.openqa.selenium.remote.RemoteWebDriver.&lt;init&gt;(RemoteWebDriver.java:132)
	at org.openqa.selenium.remote.RemoteWebDriver.&lt;init&gt;(RemoteWebDriver.java:145)
	at com.yourcompany.Tests.TestBase.createDriver(TestBase.java:116)
	at com.yourcompany.Tests.PAOIEndpointTest.verifyPAOIEndpointTest(PAOIEndpointTest.java:29)
</failure>
  </testcase>
  <testcase classname="com.yourcompany.Tests.ContactFormTest" name="contactFormTest" time="3.32">
    <failure message="Unable to parse remote response: Misconfigured -- Sauce Labs Authentication Error.
You used username &apos;null&apos; and access key &apos;null&apos; to authenticate, which are not valid Sauce Labs credentials.

The following desired capabilities were received:
{&apos;browserName&apos;: &apos;firefox&apos;,
 &apos;name&apos;: &apos;contactFormTest&apos;,
 &apos;platform&apos;: &apos;WIN10&apos;,
 &apos;version&apos;: &apos;latest-1&apos;}
Build info: version: &apos;3.11.0&apos;, revision: &apos;e59cfb3&apos;, time: &apos;2018-03-11T20:26:55.152Z&apos;
System info: host: &apos;GC02RH2WYG8WPE&apos;, ip: &apos;192.168.1.107&apos;, os.name: &apos;Mac OS X&apos;, os.arch: &apos;x86_64&apos;, os.version: &apos;10.13.6&apos;, java.version: &apos;13.0.2&apos;
Driver info: driver.version: RemoteWebDriver" type="org.openqa.selenium.WebDriverException">org.openqa.selenium.WebDriverException: Unable to parse remote response: Misconfigured -- Sauce Labs Authentication Error.
You used username &apos;null&apos; and access key &apos;null&apos; to authenticate, which are not valid Sauce Labs credentials.
The following desired capabilities were received:
{&apos;browserName&apos;: &apos;firefox&apos;,
 &apos;name&apos;: &apos;contactFormTest&apos;,
 &apos;platform&apos;: &apos;WIN10&apos;,
 &apos;version&apos;: &apos;latest-1&apos;}
Build info: version: &apos;3.11.0&apos;, revision: &apos;e59cfb3&apos;, time: &apos;2018-03-11T20:26:55.152Z&apos;
System info: host: &apos;GC02RH2WYG8WPE&apos;, ip: &apos;192.168.1.107&apos;, os.name: &apos;Mac OS X&apos;, os.arch: &apos;x86_64&apos;, os.version: &apos;10.13.6&apos;, java.version: &apos;13.0.2&apos;
Driver info: driver.version: RemoteWebDriver
	at org.openqa.selenium.remote.ProtocolHandshake.createSession(ProtocolHandshake.java:111)
	at org.openqa.selenium.remote.ProtocolHandshake.createSession(ProtocolHandshake.java:73)
	at org.openqa.selenium.remote.HttpCommandExecutor.execute(HttpCommandExecutor.java:136)
	at org.openqa.selenium.remote.RemoteWebDriver.execute(RemoteWebDriver.java:545)
	at org.openqa.selenium.remote.RemoteWebDriver.startSession(RemoteWebDriver.java:209)
	at org.openqa.selenium.remote.RemoteWebDriver.&lt;init&gt;(RemoteWebDriver.java:132)
	at org.openqa.selenium.remote.RemoteWebDriver.&lt;init&gt;(RemoteWebDriver.java:145)
	at com.yourcompany.Tests.TestBase.createDriver(TestBase.java:116)
	at com.yourcompany.Tests.ContactFormTest.contactFormTest(ContactFormTest.java:28)
</failure>
  </testcase>
  <testcase classname="com.yourcompany.Tests.ContactFormTest" name="tearDown" time="3.321">
    <skipped/>
  </testcase>
  <testcase classname="com.yourcompany.Tests.ContactFormTest" name="tearDown" time="3.321">
    <skipped/>
  </testcase>
  <testcase classname="com.yourcompany.Tests.PAOIEndpointTest" name="tearDown" time="3.321">
    <skipped/>
  </testcase>
  <testcase classname="com.yourcompany.Tests.PAOIEndpointTest" name="tearDown" time="3.321">
    <skipped/>
  </testcase>
  <testcase classname="com.yourcompany.Tests.ContactFormTest" name="contactFormTest" time="3.322">
    <failure message="Unable to parse remote response: Misconfigured -- Sauce Labs Authentication Error.
You used username &apos;null&apos; and access key &apos;null&apos; to authenticate, which are not valid Sauce Labs credentials.

The following desired capabilities were received:
{&apos;browserName&apos;: &apos;chrome&apos;,
 &apos;name&apos;: &apos;contactFormTest&apos;,
 &apos;platform&apos;: &apos;macOS 10.15&apos;,
 &apos;version&apos;: &apos;latest&apos;}
Build info: version: &apos;3.11.0&apos;, revision: &apos;e59cfb3&apos;, time: &apos;2018-03-11T20:26:55.152Z&apos;
System info: host: &apos;GC02RH2WYG8WPE&apos;, ip: &apos;192.168.1.107&apos;, os.name: &apos;Mac OS X&apos;, os.arch: &apos;x86_64&apos;, os.version: &apos;10.13.6&apos;, java.version: &apos;13.0.2&apos;
Driver info: driver.version: RemoteWebDriver" type="org.openqa.selenium.WebDriverException">org.openqa.selenium.WebDriverException: Unable to parse remote response: Misconfigured -- Sauce Labs Authentication Error.
You used username &apos;null&apos; and access key &apos;null&apos; to authenticate, which are not valid Sauce Labs credentials.
The following desired capabilities were received:
{&apos;browserName&apos;: &apos;chrome&apos;,
 &apos;name&apos;: &apos;contactFormTest&apos;,
 &apos;platform&apos;: &apos;macOS 10.15&apos;,
 &apos;version&apos;: &apos;latest&apos;}
Build info: version: &apos;3.11.0&apos;, revision: &apos;e59cfb3&apos;, time: &apos;2018-03-11T20:26:55.152Z&apos;
System info: host: &apos;GC02RH2WYG8WPE&apos;, ip: &apos;192.168.1.107&apos;, os.name: &apos;Mac OS X&apos;, os.arch: &apos;x86_64&apos;, os.version: &apos;10.13.6&apos;, java.version: &apos;13.0.2&apos;
Driver info: driver.version: RemoteWebDriver
	at org.openqa.selenium.remote.ProtocolHandshake.createSession(ProtocolHandshake.java:111)
	at org.openqa.selenium.remote.ProtocolHandshake.createSession(ProtocolHandshake.java:73)
	at org.openqa.selenium.remote.HttpCommandExecutor.execute(HttpCommandExecutor.java:136)
	at org.openqa.selenium.remote.RemoteWebDriver.execute(RemoteWebDriver.java:545)
	at org.openqa.selenium.remote.RemoteWebDriver.startSession(RemoteWebDriver.java:209)
	at org.openqa.selenium.remote.RemoteWebDriver.&lt;init&gt;(RemoteWebDriver.java:132)
	at org.openqa.selenium.remote.RemoteWebDriver.&lt;init&gt;(RemoteWebDriver.java:145)
	at com.yourcompany.Tests.TestBase.createDriver(TestBase.java:116)
	at com.yourcompany.Tests.ContactFormTest.contactFormTest(ContactFormTest.java:28)
</failure>
  </testcase>
  <testcase classname="com.yourcompany.Tests.PAOIEndpointTest" name="tearDown" time="3.322">
    <skipped/>
  </testcase>
  <testcase classname="com.yourcompany.Tests.ContactFormTest" name="tearDown" time="3.322">
    <skipped/>
  </testcase>
  <testcase classname="com.yourcompany.Tests.ContactFormTest" name="contactFormTest" time="3.353">
    <failure message="Unable to parse remote response: Misconfigured -- Sauce Labs Authentication Error.
You used username &apos;null&apos; and access key &apos;null&apos; to authenticate, which are not valid Sauce Labs credentials.

The following desired capabilities were received:
{&apos;browserName&apos;: &apos;firefox&apos;,
 &apos;name&apos;: &apos;contactFormTest&apos;,
 &apos;platform&apos;: &apos;macOS 10.15&apos;,
 &apos;version&apos;: &apos;latest-1&apos;}
Build info: version: &apos;3.11.0&apos;, revision: &apos;e59cfb3&apos;, time: &apos;2018-03-11T20:26:55.152Z&apos;
System info: host: &apos;GC02RH2WYG8WPE&apos;, ip: &apos;192.168.1.107&apos;, os.name: &apos;Mac OS X&apos;, os.arch: &apos;x86_64&apos;, os.version: &apos;10.13.6&apos;, java.version: &apos;13.0.2&apos;
Driver info: driver.version: RemoteWebDriver" type="org.openqa.selenium.WebDriverException">org.openqa.selenium.WebDriverException: Unable to parse remote response: Misconfigured -- Sauce Labs Authentication Error.
You used username &apos;null&apos; and access key &apos;null&apos; to authenticate, which are not valid Sauce Labs credentials.
The following desired capabilities were received:
{&apos;browserName&apos;: &apos;firefox&apos;,
 &apos;name&apos;: &apos;contactFormTest&apos;,
 &apos;platform&apos;: &apos;macOS 10.15&apos;,
 &apos;version&apos;: &apos;latest-1&apos;}
Build info: version: &apos;3.11.0&apos;, revision: &apos;e59cfb3&apos;, time: &apos;2018-03-11T20:26:55.152Z&apos;
System info: host: &apos;GC02RH2WYG8WPE&apos;, ip: &apos;192.168.1.107&apos;, os.name: &apos;Mac OS X&apos;, os.arch: &apos;x86_64&apos;, os.version: &apos;10.13.6&apos;, java.version: &apos;13.0.2&apos;
Driver info: driver.version: RemoteWebDriver
	at org.openqa.selenium.remote.ProtocolHandshake.createSession(ProtocolHandshake.java:111)
	at org.openqa.selenium.remote.ProtocolHandshake.createSession(ProtocolHandshake.java:73)
	at org.openqa.selenium.remote.HttpCommandExecutor.execute(HttpCommandExecutor.java:136)
	at org.openqa.selenium.remote.RemoteWebDriver.execute(RemoteWebDriver.java:545)
	at org.openqa.selenium.remote.RemoteWebDriver.startSession(RemoteWebDriver.java:209)
	at org.openqa.selenium.remote.RemoteWebDriver.&lt;init&gt;(RemoteWebDriver.java:132)
	at org.openqa.selenium.remote.RemoteWebDriver.&lt;init&gt;(RemoteWebDriver.java:145)
	at com.yourcompany.Tests.TestBase.createDriver(TestBase.java:116)
	at com.yourcompany.Tests.ContactFormTest.contactFormTest(ContactFormTest.java:28)
</failure>
  </testcase>
  <testcase classname="com.yourcompany.Tests.ContactFormTest" name="tearDown" time="3.353">
    <skipped/>
  </testcase>
  <testcase classname="com.yourcompany.Tests.ContactFormTest" name="contactFormTest" time="3.355">
    <failure message="Unable to parse remote response: Misconfigured -- Sauce Labs Authentication Error.
You used username &apos;null&apos; and access key &apos;null&apos; to authenticate, which are not valid Sauce Labs credentials.

The following desired capabilities were received:
{&apos;browserName&apos;: &apos;MicrosoftEdge&apos;,
 &apos;name&apos;: &apos;contactFormTest&apos;,
 &apos;platform&apos;: &apos;WIN10&apos;,
 &apos;version&apos;: &apos;latest&apos;}
Build info: version: &apos;3.11.0&apos;, revision: &apos;e59cfb3&apos;, time: &apos;2018-03-11T20:26:55.152Z&apos;
System info: host: &apos;GC02RH2WYG8WPE&apos;, ip: &apos;192.168.1.107&apos;, os.name: &apos;Mac OS X&apos;, os.arch: &apos;x86_64&apos;, os.version: &apos;10.13.6&apos;, java.version: &apos;13.0.2&apos;
Driver info: driver.version: RemoteWebDriver" type="org.openqa.selenium.WebDriverException">org.openqa.selenium.WebDriverException: Unable to parse remote response: Misconfigured -- Sauce Labs Authentication Error.
You used username &apos;null&apos; and access key &apos;null&apos; to authenticate, which are not valid Sauce Labs credentials.
The following desired capabilities were received:
{&apos;browserName&apos;: &apos;MicrosoftEdge&apos;,
 &apos;name&apos;: &apos;contactFormTest&apos;,
 &apos;platform&apos;: &apos;WIN10&apos;,
 &apos;version&apos;: &apos;latest&apos;}
Build info: version: &apos;3.11.0&apos;, revision: &apos;e59cfb3&apos;, time: &apos;2018-03-11T20:26:55.152Z&apos;
System info: host: &apos;GC02RH2WYG8WPE&apos;, ip: &apos;192.168.1.107&apos;, os.name: &apos;Mac OS X&apos;, os.arch: &apos;x86_64&apos;, os.version: &apos;10.13.6&apos;, java.version: &apos;13.0.2&apos;
Driver info: driver.version: RemoteWebDriver
	at org.openqa.selenium.remote.ProtocolHandshake.createSession(ProtocolHandshake.java:111)
	at org.openqa.selenium.remote.ProtocolHandshake.createSession(ProtocolHandshake.java:73)
	at org.openqa.selenium.remote.HttpCommandExecutor.execute(HttpCommandExecutor.java:136)
	at org.openqa.selenium.remote.RemoteWebDriver.execute(RemoteWebDriver.java:545)
	at org.openqa.selenium.remote.RemoteWebDriver.startSession(RemoteWebDriver.java:209)
	at org.openqa.selenium.remote.RemoteWebDriver.&lt;init&gt;(RemoteWebDriver.java:132)
	at org.openqa.selenium.remote.RemoteWebDriver.&lt;init&gt;(RemoteWebDriver.java:145)
	at com.yourcompany.Tests.TestBase.createDriver(TestBase.java:116)
	at com.yourcompany.Tests.ContactFormTest.contactFormTest(ContactFormTest.java:28)
</failure>
  </testcase>
  <testcase classname="com.yourcompany.Tests.ContactFormTest" name="tearDown" time="3.355">
    <skipped/>
  </testcase>
  <testcase classname="com.yourcompany.Tests.FollowLinkTest" name="verifyContactLinkTest" time="3.362">
    <failure message="Unable to parse remote response: Misconfigured -- Sauce Labs Authentication Error.
You used username &apos;null&apos; and access key &apos;null&apos; to authenticate, which are not valid Sauce Labs credentials.

The following desired capabilities were received:
{&apos;browserName&apos;: &apos;chrome&apos;,
 &apos;name&apos;: &apos;verifyContactLinkTest&apos;,
 &apos;platform&apos;: &apos;macOS 10.15&apos;,
 &apos;version&apos;: &apos;latest&apos;}
Build info: version: &apos;3.11.0&apos;, revision: &apos;e59cfb3&apos;, time: &apos;2018-03-11T20:26:55.152Z&apos;
System info: host: &apos;GC02RH2WYG8WPE&apos;, ip: &apos;192.168.1.107&apos;, os.name: &apos;Mac OS X&apos;, os.arch: &apos;x86_64&apos;, os.version: &apos;10.13.6&apos;, java.version: &apos;13.0.2&apos;
Driver info: driver.version: RemoteWebDriver" type="org.openqa.selenium.WebDriverException">org.openqa.selenium.WebDriverException: Unable to parse remote response: Misconfigured -- Sauce Labs Authentication Error.
You used username &apos;null&apos; and access key &apos;null&apos; to authenticate, which are not valid Sauce Labs credentials.
The following desired capabilities were received:
{&apos;browserName&apos;: &apos;chrome&apos;,
 &apos;name&apos;: &apos;verifyContactLinkTest&apos;,
 &apos;platform&apos;: &apos;macOS 10.15&apos;,
 &apos;version&apos;: &apos;latest&apos;}
Build info: version: &apos;3.11.0&apos;, revision: &apos;e59cfb3&apos;, time: &apos;2018-03-11T20:26:55.152Z&apos;
System info: host: &apos;GC02RH2WYG8WPE&apos;, ip: &apos;192.168.1.107&apos;, os.name: &apos;Mac OS X&apos;, os.arch: &apos;x86_64&apos;, os.version: &apos;10.13.6&apos;, java.version: &apos;13.0.2&apos;
Driver info: driver.version: RemoteWebDriver
	at org.openqa.selenium.remote.ProtocolHandshake.createSession(ProtocolHandshake.java:111)
	at org.openqa.selenium.remote.ProtocolHandshake.createSession(ProtocolHandshake.java:73)
	at org.openqa.selenium.remote.HttpCommandExecutor.execute(HttpCommandExecutor.java:136)
	at org.openqa.selenium.remote.RemoteWebDriver.execute(RemoteWebDriver.java:545)
	at org.openqa.selenium.remote.RemoteWebDriver.startSession(RemoteWebDriver.java:209)
	at org.openqa.selenium.remote.RemoteWebDriver.&lt;init&gt;(RemoteWebDriver.java:132)
	at org.openqa.selenium.remote.RemoteWebDriver.&lt;init&gt;(RemoteWebDriver.java:145)
	at com.yourcompany.Tests.TestBase.createDriver(TestBase.java:116)
	at com.yourcompany.Tests.FollowLinkTest.verifyContactLinkTest(FollowLinkTest.java:29)
</failure>
  </testcase>
  <testcase classname="com.yourcompany.Tests.FollowLinkTest" name="tearDown" time="3.362">
    <skipped/>
  </testcase>
  <testcase classname="com.yourcompany.Tests.FollowLinkTest" name="verifyContactLinkTest" time="3.367">
    <failure message="Unable to parse remote response: Misconfigured -- Sauce Labs Authentication Error.
You used username &apos;null&apos; and access key &apos;null&apos; to authenticate, which are not valid Sauce Labs credentials.

The following desired capabilities were received:
{&apos;browserName&apos;: &apos;chrome&apos;,
 &apos;name&apos;: &apos;verifyContactLinkTest&apos;,
 &apos;platform&apos;: &apos;WIN10&apos;,
 &apos;version&apos;: &apos;latest&apos;}
Build info: version: &apos;3.11.0&apos;, revision: &apos;e59cfb3&apos;, time: &apos;2018-03-11T20:26:55.152Z&apos;
System info: host: &apos;GC02RH2WYG8WPE&apos;, ip: &apos;192.168.1.107&apos;, os.name: &apos;Mac OS X&apos;, os.arch: &apos;x86_64&apos;, os.version: &apos;10.13.6&apos;, java.version: &apos;13.0.2&apos;
Driver info: driver.version: RemoteWebDriver" type="org.openqa.selenium.WebDriverException">org.openqa.selenium.WebDriverException: Unable to parse remote response: Misconfigured -- Sauce Labs Authentication Error.
You used username &apos;null&apos; and access key &apos;null&apos; to authenticate, which are not valid Sauce Labs credentials.
The following desired capabilities were received:
{&apos;browserName&apos;: &apos;chrome&apos;,
 &apos;name&apos;: &apos;verifyContactLinkTest&apos;,
 &apos;platform&apos;: &apos;WIN10&apos;,
 &apos;version&apos;: &apos;latest&apos;}
Build info: version: &apos;3.11.0&apos;, revision: &apos;e59cfb3&apos;, time: &apos;2018-03-11T20:26:55.152Z&apos;
System info: host: &apos;GC02RH2WYG8WPE&apos;, ip: &apos;192.168.1.107&apos;, os.name: &apos;Mac OS X&apos;, os.arch: &apos;x86_64&apos;, os.version: &apos;10.13.6&apos;, java.version: &apos;13.0.2&apos;
Driver info: driver.version: RemoteWebDriver
	at org.openqa.selenium.remote.ProtocolHandshake.createSession(ProtocolHandshake.java:111)
	at org.openqa.selenium.remote.ProtocolHandshake.createSession(ProtocolHandshake.java:73)
	at org.openqa.selenium.remote.HttpCommandExecutor.execute(HttpCommandExecutor.java:136)
	at org.openqa.selenium.remote.RemoteWebDriver.execute(RemoteWebDriver.java:545)
	at org.openqa.selenium.remote.RemoteWebDriver.startSession(RemoteWebDriver.java:209)
	at org.openqa.selenium.remote.RemoteWebDriver.&lt;init&gt;(RemoteWebDriver.java:132)
	at org.openqa.selenium.remote.RemoteWebDriver.&lt;init&gt;(RemoteWebDriver.java:145)
	at com.yourcompany.Tests.TestBase.createDriver(TestBase.java:116)
	at com.yourcompany.Tests.FollowLinkTest.verifyContactLinkTest(FollowLinkTest.java:29)
</failure>
  </testcase>
  <testcase classname="com.yourcompany.Tests.FollowLinkTest" name="tearDown" time="3.367">
    <skipped/>
  </testcase>
  <testcase classname="com.yourcompany.Tests.ContactFormTest" name="contactFormTest" time="3.376">
    <failure message="Unable to parse remote response: Misconfigured -- Sauce Labs Authentication Error.
You used username &apos;null&apos; and access key &apos;null&apos; to authenticate, which are not valid Sauce Labs credentials.

The following desired capabilities were received:
{&apos;browserName&apos;: &apos;MicrosoftEdge&apos;,
 &apos;name&apos;: &apos;contactFormTest&apos;,
 &apos;platform&apos;: &apos;WIN10&apos;,
 &apos;version&apos;: &apos;latest-1&apos;}
Build info: version: &apos;3.11.0&apos;, revision: &apos;e59cfb3&apos;, time: &apos;2018-03-11T20:26:55.152Z&apos;
System info: host: &apos;GC02RH2WYG8WPE&apos;, ip: &apos;192.168.1.107&apos;, os.name: &apos;Mac OS X&apos;, os.arch: &apos;x86_64&apos;, os.version: &apos;10.13.6&apos;, java.version: &apos;13.0.2&apos;
Driver info: driver.version: RemoteWebDriver" type="org.openqa.selenium.WebDriverException">org.openqa.selenium.WebDriverException: Unable to parse remote response: Misconfigured -- Sauce Labs Authentication Error.
You used username &apos;null&apos; and access key &apos;null&apos; to authenticate, which are not valid Sauce Labs credentials.
The following desired capabilities were received:
{&apos;browserName&apos;: &apos;MicrosoftEdge&apos;,
 &apos;name&apos;: &apos;contactFormTest&apos;,
 &apos;platform&apos;: &apos;WIN10&apos;,
 &apos;version&apos;: &apos;latest-1&apos;}
Build info: version: &apos;3.11.0&apos;, revision: &apos;e59cfb3&apos;, time: &apos;2018-03-11T20:26:55.152Z&apos;
System info: host: &apos;GC02RH2WYG8WPE&apos;, ip: &apos;192.168.1.107&apos;, os.name: &apos;Mac OS X&apos;, os.arch: &apos;x86_64&apos;, os.version: &apos;10.13.6&apos;, java.version: &apos;13.0.2&apos;
Driver info: driver.version: RemoteWebDriver
	at org.openqa.selenium.remote.ProtocolHandshake.createSession(ProtocolHandshake.java:111)
	at org.openqa.selenium.remote.ProtocolHandshake.createSession(ProtocolHandshake.java:73)
	at org.openqa.selenium.remote.HttpCommandExecutor.execute(HttpCommandExecutor.java:136)
	at org.openqa.selenium.remote.RemoteWebDriver.execute(RemoteWebDriver.java:545)
	at org.openqa.selenium.remote.RemoteWebDriver.startSession(RemoteWebDriver.java:209)
	at org.openqa.selenium.remote.RemoteWebDriver.&lt;init&gt;(RemoteWebDriver.java:132)
	at org.openqa.selenium.remote.RemoteWebDriver.&lt;init&gt;(RemoteWebDriver.java:145)
	at com.yourcompany.Tests.TestBase.createDriver(TestBase.java:116)
	at com.yourcompany.Tests.ContactFormTest.contactFormTest(ContactFormTest.java:28)
</failure>
  </testcase>
  <testcase classname="com.yourcompany.Tests.ContactFormTest" name="tearDown" time="3.376">
    <skipped/>
  </testcase>
  <testcase classname="com.yourcompany.Tests.FollowLinkTest" name="verifyContactLinkTest" time="3.378">
    <failure message="Unable to parse remote response: Misconfigured -- Sauce Labs Authentication Error.
You used username &apos;null&apos; and access key &apos;null&apos; to authenticate, which are not valid Sauce Labs credentials.

The following desired capabilities were received:
{&apos;browserName&apos;: &apos;chrome&apos;,
 &apos;name&apos;: &apos;verifyContactLinkTest&apos;,
 &apos;platform&apos;: &apos;WIN10&apos;,
 &apos;version&apos;: &apos;latest-1&apos;}
Build info: version: &apos;3.11.0&apos;, revision: &apos;e59cfb3&apos;, time: &apos;2018-03-11T20:26:55.152Z&apos;
System info: host: &apos;GC02RH2WYG8WPE&apos;, ip: &apos;192.168.1.107&apos;, os.name: &apos;Mac OS X&apos;, os.arch: &apos;x86_64&apos;, os.version: &apos;10.13.6&apos;, java.version: &apos;13.0.2&apos;
Driver info: driver.version: RemoteWebDriver" type="org.openqa.selenium.WebDriverException">org.openqa.selenium.WebDriverException: Unable to parse remote response: Misconfigured -- Sauce Labs Authentication Error.
You used username &apos;null&apos; and access key &apos;null&apos; to authenticate, which are not valid Sauce Labs credentials.
The following desired capabilities were received:
{&apos;browserName&apos;: &apos;chrome&apos;,
 &apos;name&apos;: &apos;verifyContactLinkTest&apos;,
 &apos;platform&apos;: &apos;WIN10&apos;,
 &apos;version&apos;: &apos;latest-1&apos;}
Build info: version: &apos;3.11.0&apos;, revision: &apos;e59cfb3&apos;, time: &apos;2018-03-11T20:26:55.152Z&apos;
System info: host: &apos;GC02RH2WYG8WPE&apos;, ip: &apos;192.168.1.107&apos;, os.name: &apos;Mac OS X&apos;, os.arch: &apos;x86_64&apos;, os.version: &apos;10.13.6&apos;, java.version: &apos;13.0.2&apos;
Driver info: driver.version: RemoteWebDriver
	at org.openqa.selenium.remote.ProtocolHandshake.createSession(ProtocolHandshake.java:111)
	at org.openqa.selenium.remote.ProtocolHandshake.createSession(ProtocolHandshake.java:73)
	at org.openqa.selenium.remote.HttpCommandExecutor.execute(HttpCommandExecutor.java:136)
	at org.openqa.selenium.remote.RemoteWebDriver.execute(RemoteWebDriver.java:545)
	at org.openqa.selenium.remote.RemoteWebDriver.startSession(RemoteWebDriver.java:209)
	at org.openqa.selenium.remote.RemoteWebDriver.&lt;init&gt;(RemoteWebDriver.java:132)
	at org.openqa.selenium.remote.RemoteWebDriver.&lt;init&gt;(RemoteWebDriver.java:145)
	at com.yourcompany.Tests.TestBase.createDriver(TestBase.java:116)
	at com.yourcompany.Tests.FollowLinkTest.verifyContactLinkTest(FollowLinkTest.java:29)
</failure>
  </testcase>
  <testcase classname="com.yourcompany.Tests.FollowLinkTest" name="tearDown" time="3.379">
    <skipped/>
  </testcase>
  <testcase classname="com.yourcompany.Tests.PAOIEndpointTest" name="verifyPAOIEndpointTest" time="3.379">
    <failure message="Unable to parse remote response: Misconfigured -- Sauce Labs Authentication Error.
You used username &apos;null&apos; and access key &apos;null&apos; to authenticate, which are not valid Sauce Labs credentials.

The following desired capabilities were received:
{&apos;browserName&apos;: &apos;chrome&apos;,
 &apos;name&apos;: &apos;verifyPAOIEndpointTest&apos;,
 &apos;platform&apos;: &apos;macOS 10.15&apos;,
 &apos;version&apos;: &apos;latest-1&apos;}
Build info: version: &apos;3.11.0&apos;, revision: &apos;e59cfb3&apos;, time: &apos;2018-03-11T20:26:55.152Z&apos;
System info: host: &apos;GC02RH2WYG8WPE&apos;, ip: &apos;192.168.1.107&apos;, os.name: &apos;Mac OS X&apos;, os.arch: &apos;x86_64&apos;, os.version: &apos;10.13.6&apos;, java.version: &apos;13.0.2&apos;
Driver info: driver.version: RemoteWebDriver" type="org.openqa.selenium.WebDriverException">org.openqa.selenium.WebDriverException: Unable to parse remote response: Misconfigured -- Sauce Labs Authentication Error.
You used username &apos;null&apos; and access key &apos;null&apos; to authenticate, which are not valid Sauce Labs credentials.
The following desired capabilities were received:
{&apos;browserName&apos;: &apos;chrome&apos;,
 &apos;name&apos;: &apos;verifyPAOIEndpointTest&apos;,
 &apos;platform&apos;: &apos;macOS 10.15&apos;,
 &apos;version&apos;: &apos;latest-1&apos;}
Build info: version: &apos;3.11.0&apos;, revision: &apos;e59cfb3&apos;, time: &apos;2018-03-11T20:26:55.152Z&apos;
System info: host: &apos;GC02RH2WYG8WPE&apos;, ip: &apos;192.168.1.107&apos;, os.name: &apos;Mac OS X&apos;, os.arch: &apos;x86_64&apos;, os.version: &apos;10.13.6&apos;, java.version: &apos;13.0.2&apos;
Driver info: driver.version: RemoteWebDriver
	at org.openqa.selenium.remote.ProtocolHandshake.createSession(ProtocolHandshake.java:111)
	at org.openqa.selenium.remote.ProtocolHandshake.createSession(ProtocolHandshake.java:73)
	at org.openqa.selenium.remote.HttpCommandExecutor.execute(HttpCommandExecutor.java:136)
	at org.openqa.selenium.remote.RemoteWebDriver.execute(RemoteWebDriver.java:545)
	at org.openqa.selenium.remote.RemoteWebDriver.startSession(RemoteWebDriver.java:209)
	at org.openqa.selenium.remote.RemoteWebDriver.&lt;init&gt;(RemoteWebDriver.java:132)
	at org.openqa.selenium.remote.RemoteWebDriver.&lt;init&gt;(RemoteWebDriver.java:145)
	at com.yourcompany.Tests.TestBase.createDriver(TestBase.java:116)
	at com.yourcompany.Tests.PAOIEndpointTest.verifyPAOIEndpointTest(PAOIEndpointTest.java:29)
</failure>
  </testcase>
  <testcase classname="com.yourcompany.Tests.ContactFormTest" name="contactFormTest" time="3.379">
    <failure message="Unable to parse remote response: Misconfigured -- Sauce Labs Authentication Error.
You used username &apos;null&apos; and access key &apos;null&apos; to authenticate, which are not valid Sauce Labs credentials.

The following desired capabilities were received:
{&apos;browserName&apos;: &apos;firefox&apos;,
 &apos;name&apos;: &apos;contactFormTest&apos;,
 &apos;platform&apos;: &apos;macOS 10.15&apos;,
 &apos;version&apos;: &apos;latest&apos;}
Build info: version: &apos;3.11.0&apos;, revision: &apos;e59cfb3&apos;, time: &apos;2018-03-11T20:26:55.152Z&apos;
System info: host: &apos;GC02RH2WYG8WPE&apos;, ip: &apos;192.168.1.107&apos;, os.name: &apos;Mac OS X&apos;, os.arch: &apos;x86_64&apos;, os.version: &apos;10.13.6&apos;, java.version: &apos;13.0.2&apos;
Driver info: driver.version: RemoteWebDriver" type="org.openqa.selenium.WebDriverException">org.openqa.selenium.WebDriverException: Unable to parse remote response: Misconfigured -- Sauce Labs Authentication Error.
You used username &apos;null&apos; and access key &apos;null&apos; to authenticate, which are not valid Sauce Labs credentials.
The following desired capabilities were received:
{&apos;browserName&apos;: &apos;firefox&apos;,
 &apos;name&apos;: &apos;contactFormTest&apos;,
 &apos;platform&apos;: &apos;macOS 10.15&apos;,
 &apos;version&apos;: &apos;latest&apos;}
Build info: version: &apos;3.11.0&apos;, revision: &apos;e59cfb3&apos;, time: &apos;2018-03-11T20:26:55.152Z&apos;
System info: host: &apos;GC02RH2WYG8WPE&apos;, ip: &apos;192.168.1.107&apos;, os.name: &apos;Mac OS X&apos;, os.arch: &apos;x86_64&apos;, os.version: &apos;10.13.6&apos;, java.version: &apos;13.0.2&apos;
Driver info: driver.version: RemoteWebDriver
	at org.openqa.selenium.remote.ProtocolHandshake.createSession(ProtocolHandshake.java:111)
	at org.openqa.selenium.remote.ProtocolHandshake.createSession(ProtocolHandshake.java:73)
	at org.openqa.selenium.remote.HttpCommandExecutor.execute(HttpCommandExecutor.java:136)
	at org.openqa.selenium.remote.RemoteWebDriver.execute(RemoteWebDriver.java:545)
	at org.openqa.selenium.remote.RemoteWebDriver.startSession(RemoteWebDriver.java:209)
	at org.openqa.selenium.remote.RemoteWebDriver.&lt;init&gt;(RemoteWebDriver.java:132)
	at org.openqa.selenium.remote.RemoteWebDriver.&lt;init&gt;(RemoteWebDriver.java:145)
	at com.yourcompany.Tests.TestBase.createDriver(TestBase.java:116)
	at com.yourcompany.Tests.ContactFormTest.contactFormTest(ContactFormTest.java:28)
</failure>
  </testcase>
  <testcase classname="com.yourcompany.Tests.ContactFormTest" name="tearDown" time="3.379">
    <skipped/>
  </testcase>
  <testcase classname="com.yourcompany.Tests.PAOIEndpointTest" name="tearDown" time="3.38">
    <skipped/>
  </testcase>
  <testcase classname="com.yourcompany.Tests.FollowLinkTest" name="verifyContactLinkTest" time="3.386">
    <failure message="Unable to parse remote response: Misconfigured -- Sauce Labs Authentication Error.
You used username &apos;null&apos; and access key &apos;null&apos; to authenticate, which are not valid Sauce Labs credentials.

The following desired capabilities were received:
{&apos;browserName&apos;: &apos;firefox&apos;,
 &apos;name&apos;: &apos;verifyContactLinkTest&apos;,
 &apos;platform&apos;: &apos;macOS 10.15&apos;,
 &apos;version&apos;: &apos;latest-1&apos;}
Build info: version: &apos;3.11.0&apos;, revision: &apos;e59cfb3&apos;, time: &apos;2018-03-11T20:26:55.152Z&apos;
System info: host: &apos;GC02RH2WYG8WPE&apos;, ip: &apos;192.168.1.107&apos;, os.name: &apos;Mac OS X&apos;, os.arch: &apos;x86_64&apos;, os.version: &apos;10.13.6&apos;, java.version: &apos;13.0.2&apos;
Driver info: driver.version: RemoteWebDriver" type="org.openqa.selenium.WebDriverException">org.openqa.selenium.WebDriverException: Unable to parse remote response: Misconfigured -- Sauce Labs Authentication Error.
You used username &apos;null&apos; and access key &apos;null&apos; to authenticate, which are not valid Sauce Labs credentials.
The following desired capabilities were received:
{&apos;browserName&apos;: &apos;firefox&apos;,
 &apos;name&apos;: &apos;verifyContactLinkTest&apos;,
 &apos;platform&apos;: &apos;macOS 10.15&apos;,
 &apos;version&apos;: &apos;latest-1&apos;}
Build info: version: &apos;3.11.0&apos;, revision: &apos;e59cfb3&apos;, time: &apos;2018-03-11T20:26:55.152Z&apos;
System info: host: &apos;GC02RH2WYG8WPE&apos;, ip: &apos;192.168.1.107&apos;, os.name: &apos;Mac OS X&apos;, os.arch: &apos;x86_64&apos;, os.version: &apos;10.13.6&apos;, java.version: &apos;13.0.2&apos;
Driver info: driver.version: RemoteWebDriver
	at org.openqa.selenium.remote.ProtocolHandshake.createSession(ProtocolHandshake.java:111)
	at org.openqa.selenium.remote.ProtocolHandshake.createSession(ProtocolHandshake.java:73)
	at org.openqa.selenium.remote.HttpCommandExecutor.execute(HttpCommandExecutor.java:136)
	at org.openqa.selenium.remote.RemoteWebDriver.execute(RemoteWebDriver.java:545)
	at org.openqa.selenium.remote.RemoteWebDriver.startSession(RemoteWebDriver.java:209)
	at org.openqa.selenium.remote.RemoteWebDriver.&lt;init&gt;(RemoteWebDriver.java:132)
	at org.openqa.selenium.remote.RemoteWebDriver.&lt;init&gt;(RemoteWebDriver.java:145)
	at com.yourcompany.Tests.TestBase.createDriver(TestBase.java:116)
	at com.yourcompany.Tests.FollowLinkTest.verifyContactLinkTest(FollowLinkTest.java:29)
</failure>
  </testcase>
  <testcase classname="com.yourcompany.Tests.FollowLinkTest" name="tearDown" time="3.386">
    <skipped/>
  </testcase>
  <testcase classname="com.yourcompany.Tests.FollowLinkTest" name="verifyContactLinkTest" time="3.39">
    <failure message="Unable to parse remote response: Misconfigured -- Sauce Labs Authentication Error.
You used username &apos;null&apos; and access key &apos;null&apos; to authenticate, which are not valid Sauce Labs credentials.

The following desired capabilities were received:
{&apos;browserName&apos;: &apos;firefox&apos;,
 &apos;name&apos;: &apos;verifyContactLinkTest&apos;,
 &apos;platform&apos;: &apos;WIN10&apos;,
 &apos;version&apos;: &apos;latest&apos;}
Build info: version: &apos;3.11.0&apos;, revision: &apos;e59cfb3&apos;, time: &apos;2018-03-11T20:26:55.152Z&apos;
System info: host: &apos;GC02RH2WYG8WPE&apos;, ip: &apos;192.168.1.107&apos;, os.name: &apos;Mac OS X&apos;, os.arch: &apos;x86_64&apos;, os.version: &apos;10.13.6&apos;, java.version: &apos;13.0.2&apos;
Driver info: driver.version: RemoteWebDriver" type="org.openqa.selenium.WebDriverException">org.openqa.selenium.WebDriverException: Unable to parse remote response: Misconfigured -- Sauce Labs Authentication Error.
You used username &apos;null&apos; and access key &apos;null&apos; to authenticate, which are not valid Sauce Labs credentials.
The following desired capabilities were received:
{&apos;browserName&apos;: &apos;firefox&apos;,
 &apos;name&apos;: &apos;verifyContactLinkTest&apos;,
 &apos;platform&apos;: &apos;WIN10&apos;,
 &apos;version&apos;: &apos;latest&apos;}
Build info: version: &apos;3.11.0&apos;, revision: &apos;e59cfb3&apos;, time: &apos;2018-03-11T20:26:55.152Z&apos;
System info: host: &apos;GC02RH2WYG8WPE&apos;, ip: &apos;192.168.1.107&apos;, os.name: &apos;Mac OS X&apos;, os.arch: &apos;x86_64&apos;, os.version: &apos;10.13.6&apos;, java.version: &apos;13.0.2&apos;
Driver info: driver.version: RemoteWebDriver
	at org.openqa.selenium.remote.ProtocolHandshake.createSession(ProtocolHandshake.java:111)
	at org.openqa.selenium.remote.ProtocolHandshake.createSession(ProtocolHandshake.java:73)
	at org.openqa.selenium.remote.HttpCommandExecutor.execute(HttpCommandExecutor.java:136)
	at org.openqa.selenium.remote.RemoteWebDriver.execute(RemoteWebDriver.java:545)
	at org.openqa.selenium.remote.RemoteWebDriver.startSession(RemoteWebDriver.java:209)
	at org.openqa.selenium.remote.RemoteWebDriver.&lt;init&gt;(RemoteWebDriver.java:132)
	at org.openqa.selenium.remote.RemoteWebDriver.&lt;init&gt;(RemoteWebDriver.java:145)
	at com.yourcompany.Tests.TestBase.createDriver(TestBase.java:116)
	at com.yourcompany.Tests.FollowLinkTest.verifyContactLinkTest(FollowLinkTest.java:29)
</failure>
  </testcase>
  <testcase classname="com.yourcompany.Tests.FollowLinkTest" name="tearDown" time="3.391">
    <skipped/>
  </testcase>
  <testcase classname="com.yourcompany.Tests.FollowLinkTest" name="verifyContactLinkTest" time="3.392">
    <failure message="Unable to parse remote response: Misconfigured -- Sauce Labs Authentication Error.
You used username &apos;null&apos; and access key &apos;null&apos; to authenticate, which are not valid Sauce Labs credentials.

The following desired capabilities were received:
{&apos;browserName&apos;: &apos;chrome&apos;,
 &apos;name&apos;: &apos;verifyContactLinkTest&apos;,
 &apos;platform&apos;: &apos;macOS 10.15&apos;,
 &apos;version&apos;: &apos;latest-1&apos;}
Build info: version: &apos;3.11.0&apos;, revision: &apos;e59cfb3&apos;, time: &apos;2018-03-11T20:26:55.152Z&apos;
System info: host: &apos;GC02RH2WYG8WPE&apos;, ip: &apos;192.168.1.107&apos;, os.name: &apos;Mac OS X&apos;, os.arch: &apos;x86_64&apos;, os.version: &apos;10.13.6&apos;, java.version: &apos;13.0.2&apos;
Driver info: driver.version: RemoteWebDriver" type="org.openqa.selenium.WebDriverException">org.openqa.selenium.WebDriverException: Unable to parse remote response: Misconfigured -- Sauce Labs Authentication Error.
You used username &apos;null&apos; and access key &apos;null&apos; to authenticate, which are not valid Sauce Labs credentials.
The following desired capabilities were received:
{&apos;browserName&apos;: &apos;chrome&apos;,
 &apos;name&apos;: &apos;verifyContactLinkTest&apos;,
 &apos;platform&apos;: &apos;macOS 10.15&apos;,
 &apos;version&apos;: &apos;latest-1&apos;}
Build info: version: &apos;3.11.0&apos;, revision: &apos;e59cfb3&apos;, time: &apos;2018-03-11T20:26:55.152Z&apos;
System info: host: &apos;GC02RH2WYG8WPE&apos;, ip: &apos;192.168.1.107&apos;, os.name: &apos;Mac OS X&apos;, os.arch: &apos;x86_64&apos;, os.version: &apos;10.13.6&apos;, java.version: &apos;13.0.2&apos;
Driver info: driver.version: RemoteWebDriver
	at org.openqa.selenium.remote.ProtocolHandshake.createSession(ProtocolHandshake.java:111)
	at org.openqa.selenium.remote.ProtocolHandshake.createSession(ProtocolHandshake.java:73)
	at org.openqa.selenium.remote.HttpCommandExecutor.execute(HttpCommandExecutor.java:136)
	at org.openqa.selenium.remote.RemoteWebDriver.execute(RemoteWebDriver.java:545)
	at org.openqa.selenium.remote.RemoteWebDriver.startSession(RemoteWebDriver.java:209)
	at org.openqa.selenium.remote.RemoteWebDriver.&lt;init&gt;(RemoteWebDriver.java:132)
	at org.openqa.selenium.remote.RemoteWebDriver.&lt;init&gt;(RemoteWebDriver.java:145)
	at com.yourcompany.Tests.TestBase.createDriver(TestBase.java:116)
	at com.yourcompany.Tests.FollowLinkTest.verifyContactLinkTest(FollowLinkTest.java:29)
</failure>
  </testcase>
  <testcase classname="com.yourcompany.Tests.FollowLinkTest" name="tearDown" time="3.392">
    <skipped/>
  </testcase>
  <testcase classname="com.yourcompany.Tests.PAOIEndpointTest" name="verifyPAOIEndpointTest" time="3.395">
    <failure message="Unable to parse remote response: Misconfigured -- Sauce Labs Authentication Error.
You used username &apos;null&apos; and access key &apos;null&apos; to authenticate, which are not valid Sauce Labs credentials.

The following desired capabilities were received:
{&apos;browserName&apos;: &apos;firefox&apos;,
 &apos;name&apos;: &apos;verifyPAOIEndpointTest&apos;,
 &apos;platform&apos;: &apos;macOS 10.15&apos;,
 &apos;version&apos;: &apos;latest&apos;}
Build info: version: &apos;3.11.0&apos;, revision: &apos;e59cfb3&apos;, time: &apos;2018-03-11T20:26:55.152Z&apos;
System info: host: &apos;GC02RH2WYG8WPE&apos;, ip: &apos;192.168.1.107&apos;, os.name: &apos;Mac OS X&apos;, os.arch: &apos;x86_64&apos;, os.version: &apos;10.13.6&apos;, java.version: &apos;13.0.2&apos;
Driver info: driver.version: RemoteWebDriver" type="org.openqa.selenium.WebDriverException">org.openqa.selenium.WebDriverException: Unable to parse remote response: Misconfigured -- Sauce Labs Authentication Error.
You used username &apos;null&apos; and access key &apos;null&apos; to authenticate, which are not valid Sauce Labs credentials.
The following desired capabilities were received:
{&apos;browserName&apos;: &apos;firefox&apos;,
 &apos;name&apos;: &apos;verifyPAOIEndpointTest&apos;,
 &apos;platform&apos;: &apos;macOS 10.15&apos;,
 &apos;version&apos;: &apos;latest&apos;}
Build info: version: &apos;3.11.0&apos;, revision: &apos;e59cfb3&apos;, time: &apos;2018-03-11T20:26:55.152Z&apos;
System info: host: &apos;GC02RH2WYG8WPE&apos;, ip: &apos;192.168.1.107&apos;, os.name: &apos;Mac OS X&apos;, os.arch: &apos;x86_64&apos;, os.version: &apos;10.13.6&apos;, java.version: &apos;13.0.2&apos;
Driver info: driver.version: RemoteWebDriver
	at org.openqa.selenium.remote.ProtocolHandshake.createSession(ProtocolHandshake.java:111)
	at org.openqa.selenium.remote.ProtocolHandshake.createSession(ProtocolHandshake.java:73)
	at org.openqa.selenium.remote.HttpCommandExecutor.execute(HttpCommandExecutor.java:136)
	at org.openqa.selenium.remote.RemoteWebDriver.execute(RemoteWebDriver.java:545)
	at org.openqa.selenium.remote.RemoteWebDriver.startSession(RemoteWebDriver.java:209)
	at org.openqa.selenium.remote.RemoteWebDriver.&lt;init&gt;(RemoteWebDriver.java:132)
	at org.openqa.selenium.remote.RemoteWebDriver.&lt;init&gt;(RemoteWebDriver.java:145)
	at com.yourcompany.Tests.TestBase.createDriver(TestBase.java:116)
	at com.yourcompany.Tests.PAOIEndpointTest.verifyPAOIEndpointTest(PAOIEndpointTest.java:29)
</failure>
  </testcase>
  <testcase classname="com.yourcompany.Tests.PAOIEndpointTest" name="tearDown" time="3.396">
    <skipped/>
  </testcase>
  <testcase classname="com.yourcompany.Tests.ContactFormTest" name="contactFormTest" time="3.402">
    <failure message="Unable to parse remote response: Misconfigured -- Sauce Labs Authentication Error.
You used username &apos;null&apos; and access key &apos;null&apos; to authenticate, which are not valid Sauce Labs credentials.

The following desired capabilities were received:
{&apos;browserName&apos;: &apos;chrome&apos;,
 &apos;name&apos;: &apos;contactFormTest&apos;,
 &apos;platform&apos;: &apos;WIN10&apos;,
 &apos;version&apos;: &apos;latest&apos;}
Build info: version: &apos;3.11.0&apos;, revision: &apos;e59cfb3&apos;, time: &apos;2018-03-11T20:26:55.152Z&apos;
System info: host: &apos;GC02RH2WYG8WPE&apos;, ip: &apos;192.168.1.107&apos;, os.name: &apos;Mac OS X&apos;, os.arch: &apos;x86_64&apos;, os.version: &apos;10.13.6&apos;, java.version: &apos;13.0.2&apos;
Driver info: driver.version: RemoteWebDriver" type="org.openqa.selenium.WebDriverException">org.openqa.selenium.WebDriverException: Unable to parse remote response: Misconfigured -- Sauce Labs Authentication Error.
You used username &apos;null&apos; and access key &apos;null&apos; to authenticate, which are not valid Sauce Labs credentials.
The following desired capabilities were received:
{&apos;browserName&apos;: &apos;chrome&apos;,
 &apos;name&apos;: &apos;contactFormTest&apos;,
 &apos;platform&apos;: &apos;WIN10&apos;,
 &apos;version&apos;: &apos;latest&apos;}
Build info: version: &apos;3.11.0&apos;, revision: &apos;e59cfb3&apos;, time: &apos;2018-03-11T20:26:55.152Z&apos;
System info: host: &apos;GC02RH2WYG8WPE&apos;, ip: &apos;192.168.1.107&apos;, os.name: &apos;Mac OS X&apos;, os.arch: &apos;x86_64&apos;, os.version: &apos;10.13.6&apos;, java.version: &apos;13.0.2&apos;
Driver info: driver.version: RemoteWebDriver
	at org.openqa.selenium.remote.ProtocolHandshake.createSession(ProtocolHandshake.java:111)
	at org.openqa.selenium.remote.ProtocolHandshake.createSession(ProtocolHandshake.java:73)
	at org.openqa.selenium.remote.HttpCommandExecutor.execute(HttpCommandExecutor.java:136)
	at org.openqa.selenium.remote.RemoteWebDriver.execute(RemoteWebDriver.java:545)
	at org.openqa.selenium.remote.RemoteWebDriver.startSession(RemoteWebDriver.java:209)
	at org.openqa.selenium.remote.RemoteWebDriver.&lt;init&gt;(RemoteWebDriver.java:132)
	at org.openqa.selenium.remote.RemoteWebDriver.&lt;init&gt;(RemoteWebDriver.java:145)
	at com.yourcompany.Tests.TestBase.createDriver(TestBase.java:116)
	at com.yourcompany.Tests.ContactFormTest.contactFormTest(ContactFormTest.java:28)
</failure>
  </testcase>
  <testcase classname="com.yourcompany.Tests.PAOIEndpointTest" name="verifyPAOIEndpointTest" time="3.403">
    <failure message="Unable to parse remote response: Misconfigured -- Sauce Labs Authentication Error.
You used username &apos;null&apos; and access key &apos;null&apos; to authenticate, which are not valid Sauce Labs credentials.

The following desired capabilities were received:
{&apos;browserName&apos;: &apos;firefox&apos;,
 &apos;name&apos;: &apos;verifyPAOIEndpointTest&apos;,
 &apos;platform&apos;: &apos;macOS 10.15&apos;,
 &apos;version&apos;: &apos;latest-1&apos;}
Build info: version: &apos;3.11.0&apos;, revision: &apos;e59cfb3&apos;, time: &apos;2018-03-11T20:26:55.152Z&apos;
System info: host: &apos;GC02RH2WYG8WPE&apos;, ip: &apos;192.168.1.107&apos;, os.name: &apos;Mac OS X&apos;, os.arch: &apos;x86_64&apos;, os.version: &apos;10.13.6&apos;, java.version: &apos;13.0.2&apos;
Driver info: driver.version: RemoteWebDriver" type="org.openqa.selenium.WebDriverException">org.openqa.selenium.WebDriverException: Unable to parse remote response: Misconfigured -- Sauce Labs Authentication Error.
You used username &apos;null&apos; and access key &apos;null&apos; to authenticate, which are not valid Sauce Labs credentials.
The following desired capabilities were received:
{&apos;browserName&apos;: &apos;firefox&apos;,
 &apos;name&apos;: &apos;verifyPAOIEndpointTest&apos;,
 &apos;platform&apos;: &apos;macOS 10.15&apos;,
 &apos;version&apos;: &apos;latest-1&apos;}
Build info: version: &apos;3.11.0&apos;, revision: &apos;e59cfb3&apos;, time: &apos;2018-03-11T20:26:55.152Z&apos;
System info: host: &apos;GC02RH2WYG8WPE&apos;, ip: &apos;192.168.1.107&apos;, os.name: &apos;Mac OS X&apos;, os.arch: &apos;x86_64&apos;, os.version: &apos;10.13.6&apos;, java.version: &apos;13.0.2&apos;
Driver info: driver.version: RemoteWebDriver
	at org.openqa.selenium.remote.ProtocolHandshake.createSession(ProtocolHandshake.java:111)
	at org.openqa.selenium.remote.ProtocolHandshake.createSession(ProtocolHandshake.java:73)
	at org.openqa.selenium.remote.HttpCommandExecutor.execute(HttpCommandExecutor.java:136)
	at org.openqa.selenium.remote.RemoteWebDriver.execute(RemoteWebDriver.java:545)
	at org.openqa.selenium.remote.RemoteWebDriver.startSession(RemoteWebDriver.java:209)
	at org.openqa.selenium.remote.RemoteWebDriver.&lt;init&gt;(RemoteWebDriver.java:132)
	at org.openqa.selenium.remote.RemoteWebDriver.&lt;init&gt;(RemoteWebDriver.java:145)
	at com.yourcompany.Tests.TestBase.createDriver(TestBase.java:116)
	at com.yourcompany.Tests.PAOIEndpointTest.verifyPAOIEndpointTest(PAOIEndpointTest.java:29)
</failure>
  </testcase>
  <testcase classname="com.yourcompany.Tests.ContactFormTest" name="tearDown" time="3.403">
    <skipped/>
  </testcase>
  <testcase classname="com.yourcompany.Tests.PAOIEndpointTest" name="tearDown" time="3.403">
    <skipped/>
  </testcase>
  <testcase classname="com.yourcompany.Tests.FollowLinkTest" name="verifyContactLinkTest" time="3.404">
    <failure message="Unable to parse remote response: Misconfigured -- Sauce Labs Authentication Error.
You used username &apos;null&apos; and access key &apos;null&apos; to authenticate, which are not valid Sauce Labs credentials.

The following desired capabilities were received:
{&apos;browserName&apos;: &apos;MicrosoftEdge&apos;,
 &apos;name&apos;: &apos;verifyContactLinkTest&apos;,
 &apos;platform&apos;: &apos;WIN10&apos;,
 &apos;version&apos;: &apos;latest&apos;}
Build info: version: &apos;3.11.0&apos;, revision: &apos;e59cfb3&apos;, time: &apos;2018-03-11T20:26:55.152Z&apos;
System info: host: &apos;GC02RH2WYG8WPE&apos;, ip: &apos;192.168.1.107&apos;, os.name: &apos;Mac OS X&apos;, os.arch: &apos;x86_64&apos;, os.version: &apos;10.13.6&apos;, java.version: &apos;13.0.2&apos;
Driver info: driver.version: RemoteWebDriver" type="org.openqa.selenium.WebDriverException">org.openqa.selenium.WebDriverException: Unable to parse remote response: Misconfigured -- Sauce Labs Authentication Error.
You used username &apos;null&apos; and access key &apos;null&apos; to authenticate, which are not valid Sauce Labs credentials.
The following desired capabilities were received:
{&apos;browserName&apos;: &apos;MicrosoftEdge&apos;,
 &apos;name&apos;: &apos;verifyContactLinkTest&apos;,
 &apos;platform&apos;: &apos;WIN10&apos;,
 &apos;version&apos;: &apos;latest&apos;}
Build info: version: &apos;3.11.0&apos;, revision: &apos;e59cfb3&apos;, time: &apos;2018-03-11T20:26:55.152Z&apos;
System info: host: &apos;GC02RH2WYG8WPE&apos;, ip: &apos;192.168.1.107&apos;, os.name: &apos;Mac OS X&apos;, os.arch: &apos;x86_64&apos;, os.version: &apos;10.13.6&apos;, java.version: &apos;13.0.2&apos;
Driver info: driver.version: RemoteWebDriver
	at org.openqa.selenium.remote.ProtocolHandshake.createSession(ProtocolHandshake.java:111)
	at org.openqa.selenium.remote.ProtocolHandshake.createSession(ProtocolHandshake.java:73)
	at org.openqa.selenium.remote.HttpCommandExecutor.execute(HttpCommandExecutor.java:136)
	at org.openqa.selenium.remote.RemoteWebDriver.execute(RemoteWebDriver.java:545)
	at org.openqa.selenium.remote.RemoteWebDriver.startSession(RemoteWebDriver.java:209)
	at org.openqa.selenium.remote.RemoteWebDriver.&lt;init&gt;(RemoteWebDriver.java:132)
	at org.openqa.selenium.remote.RemoteWebDriver.&lt;init&gt;(RemoteWebDriver.java:145)
	at com.yourcompany.Tests.TestBase.createDriver(TestBase.java:116)
	at com.yourcompany.Tests.FollowLinkTest.verifyContactLinkTest(FollowLinkTest.java:29)
</failure>
  </testcase>
  <testcase classname="com.yourcompany.Tests.FollowLinkTest" name="tearDown" time="3.404">
    <skipped/>
  </testcase>
  <testcase classname="com.yourcompany.Tests.FollowLinkTest" name="verifyContactLinkTest" time="3.411">
    <failure message="Unable to parse remote response: Misconfigured -- Sauce Labs Authentication Error.
You used username &apos;null&apos; and access key &apos;null&apos; to authenticate, which are not valid Sauce Labs credentials.

The following desired capabilities were received:
{&apos;browserName&apos;: &apos;firefox&apos;,
 &apos;name&apos;: &apos;verifyContactLinkTest&apos;,
 &apos;platform&apos;: &apos;WIN10&apos;,
 &apos;version&apos;: &apos;latest-1&apos;}
Build info: version: &apos;3.11.0&apos;, revision: &apos;e59cfb3&apos;, time: &apos;2018-03-11T20:26:55.152Z&apos;
System info: host: &apos;GC02RH2WYG8WPE&apos;, ip: &apos;192.168.1.107&apos;, os.name: &apos;Mac OS X&apos;, os.arch: &apos;x86_64&apos;, os.version: &apos;10.13.6&apos;, java.version: &apos;13.0.2&apos;
Driver info: driver.version: RemoteWebDriver" type="org.openqa.selenium.WebDriverException">org.openqa.selenium.WebDriverException: Unable to parse remote response: Misconfigured -- Sauce Labs Authentication Error.
You used username &apos;null&apos; and access key &apos;null&apos; to authenticate, which are not valid Sauce Labs credentials.
The following desired capabilities were received:
{&apos;browserName&apos;: &apos;firefox&apos;,
 &apos;name&apos;: &apos;verifyContactLinkTest&apos;,
 &apos;platform&apos;: &apos;WIN10&apos;,
 &apos;version&apos;: &apos;latest-1&apos;}
Build info: version: &apos;3.11.0&apos;, revision: &apos;e59cfb3&apos;, time: &apos;2018-03-11T20:26:55.152Z&apos;
System info: host: &apos;GC02RH2WYG8WPE&apos;, ip: &apos;192.168.1.107&apos;, os.name: &apos;Mac OS X&apos;, os.arch: &apos;x86_64&apos;, os.version: &apos;10.13.6&apos;, java.version: &apos;13.0.2&apos;
Driver info: driver.version: RemoteWebDriver
	at org.openqa.selenium.remote.ProtocolHandshake.createSession(ProtocolHandshake.java:111)
	at org.openqa.selenium.remote.ProtocolHandshake.createSession(ProtocolHandshake.java:73)
	at org.openqa.selenium.remote.HttpCommandExecutor.execute(HttpCommandExecutor.java:136)
	at org.openqa.selenium.remote.RemoteWebDriver.execute(RemoteWebDriver.java:545)
	at org.openqa.selenium.remote.RemoteWebDriver.startSession(RemoteWebDriver.java:209)
	at org.openqa.selenium.remote.RemoteWebDriver.&lt;init&gt;(RemoteWebDriver.java:132)
	at org.openqa.selenium.remote.RemoteWebDriver.&lt;init&gt;(RemoteWebDriver.java:145)
	at com.yourcompany.Tests.TestBase.createDriver(TestBase.java:116)
	at com.yourcompany.Tests.FollowLinkTest.verifyContactLinkTest(FollowLinkTest.java:29)
</failure>
  </testcase>
  <testcase classname="com.yourcompany.Tests.PAOIEndpointTest" name="verifyPAOIEndpointTest" time="3.412">
    <failure message="Unable to parse remote response: Misconfigured -- Sauce Labs Authentication Error.
You used username &apos;null&apos; and access key &apos;null&apos; to authenticate, which are not valid Sauce Labs credentials.

The following desired capabilities were received:
{&apos;browserName&apos;: &apos;chrome&apos;,
 &apos;name&apos;: &apos;verifyPAOIEndpointTest&apos;,
 &apos;platform&apos;: &apos;macOS 10.15&apos;,
 &apos;version&apos;: &apos;latest&apos;}
Build info: version: &apos;3.11.0&apos;, revision: &apos;e59cfb3&apos;, time: &apos;2018-03-11T20:26:55.152Z&apos;
System info: host: &apos;GC02RH2WYG8WPE&apos;, ip: &apos;192.168.1.107&apos;, os.name: &apos;Mac OS X&apos;, os.arch: &apos;x86_64&apos;, os.version: &apos;10.13.6&apos;, java.version: &apos;13.0.2&apos;
Driver info: driver.version: RemoteWebDriver" type="org.openqa.selenium.WebDriverException">org.openqa.selenium.WebDriverException: Unable to parse remote response: Misconfigured -- Sauce Labs Authentication Error.
You used username &apos;null&apos; and access key &apos;null&apos; to authenticate, which are not valid Sauce Labs credentials.
The following desired capabilities were received:
{&apos;browserName&apos;: &apos;chrome&apos;,
 &apos;name&apos;: &apos;verifyPAOIEndpointTest&apos;,
 &apos;platform&apos;: &apos;macOS 10.15&apos;,
 &apos;version&apos;: &apos;latest&apos;}
Build info: version: &apos;3.11.0&apos;, revision: &apos;e59cfb3&apos;, time: &apos;2018-03-11T20:26:55.152Z&apos;
System info: host: &apos;GC02RH2WYG8WPE&apos;, ip: &apos;192.168.1.107&apos;, os.name: &apos;Mac OS X&apos;, os.arch: &apos;x86_64&apos;, os.version: &apos;10.13.6&apos;, java.version: &apos;13.0.2&apos;
Driver info: driver.version: RemoteWebDriver
	at org.openqa.selenium.remote.ProtocolHandshake.createSession(ProtocolHandshake.java:111)
	at org.openqa.selenium.remote.ProtocolHandshake.createSession(ProtocolHandshake.java:73)
	at org.openqa.selenium.remote.HttpCommandExecutor.execute(HttpCommandExecutor.java:136)
	at org.openqa.selenium.remote.RemoteWebDriver.execute(RemoteWebDriver.java:545)
	at org.openqa.selenium.remote.RemoteWebDriver.startSession(RemoteWebDriver.java:209)
	at org.openqa.selenium.remote.RemoteWebDriver.&lt;init&gt;(RemoteWebDriver.java:132)
	at org.openqa.selenium.remote.RemoteWebDriver.&lt;init&gt;(RemoteWebDriver.java:145)
	at com.yourcompany.Tests.TestBase.createDriver(TestBase.java:116)
	at com.yourcompany.Tests.PAOIEndpointTest.verifyPAOIEndpointTest(PAOIEndpointTest.java:29)
</failure>
  </testcase>
  <testcase classname="com.yourcompany.Tests.FollowLinkTest" name="tearDown" time="3.412">
    <skipped/>
  </testcase>
  <testcase classname="com.yourcompany.Tests.PAOIEndpointTest" name="tearDown" time="3.412">
    <skipped/>
  </testcase>
  <testcase classname="com.yourcompany.Tests.FollowLinkTest" name="verifyContactLinkTest" time="3.442">
    <failure message="Unable to parse remote response: Misconfigured -- Sauce Labs Authentication Error.
You used username &apos;null&apos; and access key &apos;null&apos; to authenticate, which are not valid Sauce Labs credentials.

The following desired capabilities were received:
{&apos;browserName&apos;: &apos;firefox&apos;,
 &apos;name&apos;: &apos;verifyContactLinkTest&apos;,
 &apos;platform&apos;: &apos;macOS 10.15&apos;,
 &apos;version&apos;: &apos;latest&apos;}
Build info: version: &apos;3.11.0&apos;, revision: &apos;e59cfb3&apos;, time: &apos;2018-03-11T20:26:55.152Z&apos;
System info: host: &apos;GC02RH2WYG8WPE&apos;, ip: &apos;192.168.1.107&apos;, os.name: &apos;Mac OS X&apos;, os.arch: &apos;x86_64&apos;, os.version: &apos;10.13.6&apos;, java.version: &apos;13.0.2&apos;
Driver info: driver.version: RemoteWebDriver" type="org.openqa.selenium.WebDriverException">org.openqa.selenium.WebDriverException: Unable to parse remote response: Misconfigured -- Sauce Labs Authentication Error.
You used username &apos;null&apos; and access key &apos;null&apos; to authenticate, which are not valid Sauce Labs credentials.
The following desired capabilities were received:
{&apos;browserName&apos;: &apos;firefox&apos;,
 &apos;name&apos;: &apos;verifyContactLinkTest&apos;,
 &apos;platform&apos;: &apos;macOS 10.15&apos;,
 &apos;version&apos;: &apos;latest&apos;}
Build info: version: &apos;3.11.0&apos;, revision: &apos;e59cfb3&apos;, time: &apos;2018-03-11T20:26:55.152Z&apos;
System info: host: &apos;GC02RH2WYG8WPE&apos;, ip: &apos;192.168.1.107&apos;, os.name: &apos;Mac OS X&apos;, os.arch: &apos;x86_64&apos;, os.version: &apos;10.13.6&apos;, java.version: &apos;13.0.2&apos;
Driver info: driver.version: RemoteWebDriver
	at org.openqa.selenium.remote.ProtocolHandshake.createSession(ProtocolHandshake.java:111)
	at org.openqa.selenium.remote.ProtocolHandshake.createSession(ProtocolHandshake.java:73)
	at org.openqa.selenium.remote.HttpCommandExecutor.execute(HttpCommandExecutor.java:136)
	at org.openqa.selenium.remote.RemoteWebDriver.execute(RemoteWebDriver.java:545)
	at org.openqa.selenium.remote.RemoteWebDriver.startSession(RemoteWebDriver.java:209)
	at org.openqa.selenium.remote.RemoteWebDriver.&lt;init&gt;(RemoteWebDriver.java:132)
	at org.openqa.selenium.remote.RemoteWebDriver.&lt;init&gt;(RemoteWebDriver.java:145)
	at com.yourcompany.Tests.TestBase.createDriver(TestBase.java:116)
	at com.yourcompany.Tests.FollowLinkTest.verifyContactLinkTest(FollowLinkTest.java:29)
</failure>
  </testcase>
  <testcase classname="com.yourcompany.Tests.FollowLinkTest" name="tearDown" time="3.442">
    <skipped/>
  </testcase>
  <testcase classname="com.yourcompany.Tests.FollowLinkTest" name="verifyContactLinkTest" time="3.764">
    <failure message="Unable to parse remote response: Misconfigured -- Sauce Labs Authentication Error.
You used username &apos;null&apos; and access key &apos;null&apos; to authenticate, which are not valid Sauce Labs credentials.

The following desired capabilities were received:
{&apos;browserName&apos;: &apos;MicrosoftEdge&apos;,
 &apos;name&apos;: &apos;verifyContactLinkTest&apos;,
 &apos;platform&apos;: &apos;WIN10&apos;,
 &apos;version&apos;: &apos;latest-1&apos;}
Build info: version: &apos;3.11.0&apos;, revision: &apos;e59cfb3&apos;, time: &apos;2018-03-11T20:26:55.152Z&apos;
System info: host: &apos;GC02RH2WYG8WPE&apos;, ip: &apos;192.168.1.107&apos;, os.name: &apos;Mac OS X&apos;, os.arch: &apos;x86_64&apos;, os.version: &apos;10.13.6&apos;, java.version: &apos;13.0.2&apos;
Driver info: driver.version: RemoteWebDriver" type="org.openqa.selenium.WebDriverException">org.openqa.selenium.WebDriverException: Unable to parse remote response: Misconfigured -- Sauce Labs Authentication Error.
You used username &apos;null&apos; and access key &apos;null&apos; to authenticate, which are not valid Sauce Labs credentials.
The following desired capabilities were received:
{&apos;browserName&apos;: &apos;MicrosoftEdge&apos;,
 &apos;name&apos;: &apos;verifyContactLinkTest&apos;,
 &apos;platform&apos;: &apos;WIN10&apos;,
 &apos;version&apos;: &apos;latest-1&apos;}
Build info: version: &apos;3.11.0&apos;, revision: &apos;e59cfb3&apos;, time: &apos;2018-03-11T20:26:55.152Z&apos;
System info: host: &apos;GC02RH2WYG8WPE&apos;, ip: &apos;192.168.1.107&apos;, os.name: &apos;Mac OS X&apos;, os.arch: &apos;x86_64&apos;, os.version: &apos;10.13.6&apos;, java.version: &apos;13.0.2&apos;
Driver info: driver.version: RemoteWebDriver
	at org.openqa.selenium.remote.ProtocolHandshake.createSession(ProtocolHandshake.java:111)
	at org.openqa.selenium.remote.ProtocolHandshake.createSession(ProtocolHandshake.java:73)
	at org.openqa.selenium.remote.HttpCommandExecutor.execute(HttpCommandExecutor.java:136)
	at org.openqa.selenium.remote.RemoteWebDriver.execute(RemoteWebDriver.java:545)
	at org.openqa.selenium.remote.RemoteWebDriver.startSession(RemoteWebDriver.java:209)
	at org.openqa.selenium.remote.RemoteWebDriver.&lt;init&gt;(RemoteWebDriver.java:132)
	at org.openqa.selenium.remote.RemoteWebDriver.&lt;init&gt;(RemoteWebDriver.java:145)
	at com.yourcompany.Tests.TestBase.createDriver(TestBase.java:116)
	at com.yourcompany.Tests.FollowLinkTest.verifyContactLinkTest(FollowLinkTest.java:29)
</failure>
  </testcase>
  <testcase classname="com.yourcompany.Tests.FollowLinkTest" name="tearDown" time="3.764">
    <skipped/>
  </testcase>
  <testcase classname="com.yourcompany.Tests.PAOIEndpointTest" name="verifyPAOIEndpointTest" time="3.817">
    <failure message="Unable to parse remote response: Misconfigured -- Sauce Labs Authentication Error.
You used username &apos;null&apos; and access key &apos;null&apos; to authenticate, which are not valid Sauce Labs credentials.

The following desired capabilities were received:
{&apos;browserName&apos;: &apos;MicrosoftEdge&apos;,
 &apos;name&apos;: &apos;verifyPAOIEndpointTest&apos;,
 &apos;platform&apos;: &apos;WIN10&apos;,
 &apos;version&apos;: &apos;latest&apos;}
Build info: version: &apos;3.11.0&apos;, revision: &apos;e59cfb3&apos;, time: &apos;2018-03-11T20:26:55.152Z&apos;
System info: host: &apos;GC02RH2WYG8WPE&apos;, ip: &apos;192.168.1.107&apos;, os.name: &apos;Mac OS X&apos;, os.arch: &apos;x86_64&apos;, os.version: &apos;10.13.6&apos;, java.version: &apos;13.0.2&apos;
Driver info: driver.version: RemoteWebDriver" type="org.openqa.selenium.WebDriverException">org.openqa.selenium.WebDriverException: Unable to parse remote response: Misconfigured -- Sauce Labs Authentication Error.
You used username &apos;null&apos; and access key &apos;null&apos; to authenticate, which are not valid Sauce Labs credentials.
The following desired capabilities were received:
{&apos;browserName&apos;: &apos;MicrosoftEdge&apos;,
 &apos;name&apos;: &apos;verifyPAOIEndpointTest&apos;,
 &apos;platform&apos;: &apos;WIN10&apos;,
 &apos;version&apos;: &apos;latest&apos;}
Build info: version: &apos;3.11.0&apos;, revision: &apos;e59cfb3&apos;, time: &apos;2018-03-11T20:26:55.152Z&apos;
System info: host: &apos;GC02RH2WYG8WPE&apos;, ip: &apos;192.168.1.107&apos;, os.name: &apos;Mac OS X&apos;, os.arch: &apos;x86_64&apos;, os.version: &apos;10.13.6&apos;, java.version: &apos;13.0.2&apos;
Driver info: driver.version: RemoteWebDriver
	at org.openqa.selenium.remote.ProtocolHandshake.createSession(ProtocolHandshake.java:111)
	at org.openqa.selenium.remote.ProtocolHandshake.createSession(ProtocolHandshake.java:73)
	at org.openqa.selenium.remote.HttpCommandExecutor.execute(HttpCommandExecutor.java:136)
	at org.openqa.selenium.remote.RemoteWebDriver.execute(RemoteWebDriver.java:545)
	at org.openqa.selenium.remote.RemoteWebDriver.startSession(RemoteWebDriver.java:209)
	at org.openqa.selenium.remote.RemoteWebDriver.&lt;init&gt;(RemoteWebDriver.java:132)
	at org.openqa.selenium.remote.RemoteWebDriver.&lt;init&gt;(RemoteWebDriver.java:145)
	at com.yourcompany.Tests.TestBase.createDriver(TestBase.java:116)
	at com.yourcompany.Tests.PAOIEndpointTest.verifyPAOIEndpointTest(PAOIEndpointTest.java:29)
</failure>
  </testcase>
  <testcase classname="com.yourcompany.Tests.PAOIEndpointTest" name="tearDown" time="3.817">
    <skipped/>
  </testcase>
  <testcase classname="com.yourcompany.Tests.ContactFormTest" name="contactFormTest" time="4.458">
    <failure message="Unable to parse remote response: Misconfigured -- Sauce Labs Authentication Error.
You used username &apos;null&apos; and access key &apos;null&apos; to authenticate, which are not valid Sauce Labs credentials.

The following desired capabilities were received:
{&apos;browserName&apos;: &apos;chrome&apos;,
 &apos;name&apos;: &apos;contactFormTest&apos;,
 &apos;platform&apos;: &apos;WIN10&apos;,
 &apos;version&apos;: &apos;latest-1&apos;}
Build info: version: &apos;3.11.0&apos;, revision: &apos;e59cfb3&apos;, time: &apos;2018-03-11T20:26:55.152Z&apos;
System info: host: &apos;GC02RH2WYG8WPE&apos;, ip: &apos;192.168.1.107&apos;, os.name: &apos;Mac OS X&apos;, os.arch: &apos;x86_64&apos;, os.version: &apos;10.13.6&apos;, java.version: &apos;13.0.2&apos;
Driver info: driver.version: RemoteWebDriver" type="org.openqa.selenium.WebDriverException">org.openqa.selenium.WebDriverException: Unable to parse remote response: Misconfigured -- Sauce Labs Authentication Error.
You used username &apos;null&apos; and access key &apos;null&apos; to authenticate, which are not valid Sauce Labs credentials.
The following desired capabilities were received:
{&apos;browserName&apos;: &apos;chrome&apos;,
 &apos;name&apos;: &apos;contactFormTest&apos;,
 &apos;platform&apos;: &apos;WIN10&apos;,
 &apos;version&apos;: &apos;latest-1&apos;}
Build info: version: &apos;3.11.0&apos;, revision: &apos;e59cfb3&apos;, time: &apos;2018-03-11T20:26:55.152Z&apos;
System info: host: &apos;GC02RH2WYG8WPE&apos;, ip: &apos;192.168.1.107&apos;, os.name: &apos;Mac OS X&apos;, os.arch: &apos;x86_64&apos;, os.version: &apos;10.13.6&apos;, java.version: &apos;13.0.2&apos;
Driver info: driver.version: RemoteWebDriver
	at org.openqa.selenium.remote.ProtocolHandshake.createSession(ProtocolHandshake.java:111)
	at org.openqa.selenium.remote.ProtocolHandshake.createSession(ProtocolHandshake.java:73)
	at org.openqa.selenium.remote.HttpCommandExecutor.execute(HttpCommandExecutor.java:136)
	at org.openqa.selenium.remote.RemoteWebDriver.execute(RemoteWebDriver.java:545)
	at org.openqa.selenium.remote.RemoteWebDriver.startSession(RemoteWebDriver.java:209)
	at org.openqa.selenium.remote.RemoteWebDriver.&lt;init&gt;(RemoteWebDriver.java:132)
	at org.openqa.selenium.remote.RemoteWebDriver.&lt;init&gt;(RemoteWebDriver.java:145)
	at com.yourcompany.Tests.TestBase.createDriver(TestBase.java:116)
	at com.yourcompany.Tests.ContactFormTest.contactFormTest(ContactFormTest.java:28)
</failure>
  </testcase>
  <testcase classname="com.yourcompany.Tests.ContactFormTest" name="tearDown" time="4.459">
    <skipped/>
  </testcase>
  <testcase classname="com.yourcompany.Tests.PAOIEndpointTest" name="verifyPAOIEndpointTest" time="4.716">
    <failure message="Unable to parse remote response: Misconfigured -- Sauce Labs Authentication Error.
You used username &apos;null&apos; and access key &apos;null&apos; to authenticate, which are not valid Sauce Labs credentials.

The following desired capabilities were received:
{&apos;browserName&apos;: &apos;firefox&apos;,
 &apos;name&apos;: &apos;verifyPAOIEndpointTest&apos;,
 &apos;platform&apos;: &apos;WIN10&apos;,
 &apos;version&apos;: &apos;latest-1&apos;}
Build info: version: &apos;3.11.0&apos;, revision: &apos;e59cfb3&apos;, time: &apos;2018-03-11T20:26:55.152Z&apos;
System info: host: &apos;GC02RH2WYG8WPE&apos;, ip: &apos;192.168.1.107&apos;, os.name: &apos;Mac OS X&apos;, os.arch: &apos;x86_64&apos;, os.version: &apos;10.13.6&apos;, java.version: &apos;13.0.2&apos;
Driver info: driver.version: RemoteWebDriver" type="org.openqa.selenium.WebDriverException">org.openqa.selenium.WebDriverException: Unable to parse remote response: Misconfigured -- Sauce Labs Authentication Error.
You used username &apos;null&apos; and access key &apos;null&apos; to authenticate, which are not valid Sauce Labs credentials.
The following desired capabilities were received:
{&apos;browserName&apos;: &apos;firefox&apos;,
 &apos;name&apos;: &apos;verifyPAOIEndpointTest&apos;,
 &apos;platform&apos;: &apos;WIN10&apos;,
 &apos;version&apos;: &apos;latest-1&apos;}
Build info: version: &apos;3.11.0&apos;, revision: &apos;e59cfb3&apos;, time: &apos;2018-03-11T20:26:55.152Z&apos;
System info: host: &apos;GC02RH2WYG8WPE&apos;, ip: &apos;192.168.1.107&apos;, os.name: &apos;Mac OS X&apos;, os.arch: &apos;x86_64&apos;, os.version: &apos;10.13.6&apos;, java.version: &apos;13.0.2&apos;
Driver info: driver.version: RemoteWebDriver
	at org.openqa.selenium.remote.ProtocolHandshake.createSession(ProtocolHandshake.java:111)
	at org.openqa.selenium.remote.ProtocolHandshake.createSession(ProtocolHandshake.java:73)
	at org.openqa.selenium.remote.HttpCommandExecutor.execute(HttpCommandExecutor.java:136)
	at org.openqa.selenium.remote.RemoteWebDriver.execute(RemoteWebDriver.java:545)
	at org.openqa.selenium.remote.RemoteWebDriver.startSession(RemoteWebDriver.java:209)
	at org.openqa.selenium.remote.RemoteWebDriver.&lt;init&gt;(RemoteWebDriver.java:132)
	at org.openqa.selenium.remote.RemoteWebDriver.&lt;init&gt;(RemoteWebDriver.java:145)
	at com.yourcompany.Tests.TestBase.createDriver(TestBase.java:116)
	at com.yourcompany.Tests.PAOIEndpointTest.verifyPAOIEndpointTest(PAOIEndpointTest.java:29)
</failure>
  </testcase>
  <testcase classname="com.yourcompany.Tests.PAOIEndpointTest" name="tearDown" time="4.716">
    <skipped/>
  </testcase>
  <testcase classname="com.yourcompany.Tests.PAOIEndpointTest" name="verifyPAOIEndpointTest" time="6.281">
    <failure message="Unable to parse remote response: Misconfigured -- Sauce Labs Authentication Error.
You used username &apos;null&apos; and access key &apos;null&apos; to authenticate, which are not valid Sauce Labs credentials.

The following desired capabilities were received:
{&apos;browserName&apos;: &apos;chrome&apos;,
 &apos;name&apos;: &apos;verifyPAOIEndpointTest&apos;,
 &apos;platform&apos;: &apos;WIN10&apos;,
 &apos;version&apos;: &apos;latest&apos;}
Build info: version: &apos;3.11.0&apos;, revision: &apos;e59cfb3&apos;, time: &apos;2018-03-11T20:26:55.152Z&apos;
System info: host: &apos;GC02RH2WYG8WPE&apos;, ip: &apos;192.168.1.107&apos;, os.name: &apos;Mac OS X&apos;, os.arch: &apos;x86_64&apos;, os.version: &apos;10.13.6&apos;, java.version: &apos;13.0.2&apos;
Driver info: driver.version: RemoteWebDriver" type="org.openqa.selenium.WebDriverException">org.openqa.selenium.WebDriverException: Unable to parse remote response: Misconfigured -- Sauce Labs Authentication Error.
You used username &apos;null&apos; and access key &apos;null&apos; to authenticate, which are not valid Sauce Labs credentials.
The following desired capabilities were received:
{&apos;browserName&apos;: &apos;chrome&apos;,
 &apos;name&apos;: &apos;verifyPAOIEndpointTest&apos;,
 &apos;platform&apos;: &apos;WIN10&apos;,
 &apos;version&apos;: &apos;latest&apos;}
Build info: version: &apos;3.11.0&apos;, revision: &apos;e59cfb3&apos;, time: &apos;2018-03-11T20:26:55.152Z&apos;
System info: host: &apos;GC02RH2WYG8WPE&apos;, ip: &apos;192.168.1.107&apos;, os.name: &apos;Mac OS X&apos;, os.arch: &apos;x86_64&apos;, os.version: &apos;10.13.6&apos;, java.version: &apos;13.0.2&apos;
Driver info: driver.version: RemoteWebDriver
	at org.openqa.selenium.remote.ProtocolHandshake.createSession(ProtocolHandshake.java:111)
	at org.openqa.selenium.remote.ProtocolHandshake.createSession(ProtocolHandshake.java:73)
	at org.openqa.selenium.remote.HttpCommandExecutor.execute(HttpCommandExecutor.java:136)
	at org.openqa.selenium.remote.RemoteWebDriver.execute(RemoteWebDriver.java:545)
	at org.openqa.selenium.remote.RemoteWebDriver.startSession(RemoteWebDriver.java:209)
	at org.openqa.selenium.remote.RemoteWebDriver.&lt;init&gt;(RemoteWebDriver.java:132)
	at org.openqa.selenium.remote.RemoteWebDriver.&lt;init&gt;(RemoteWebDriver.java:145)
	at com.yourcompany.Tests.TestBase.createDriver(TestBase.java:116)
	at com.yourcompany.Tests.PAOIEndpointTest.verifyPAOIEndpointTest(PAOIEndpointTest.java:29)
</failure>
  </testcase>
  <testcase classname="com.yourcompany.Tests.PAOIEndpointTest" name="tearDown" time="6.282">
    <skipped/>
  </testcase>
</testsuite>