<?xml version="1.0" encoding="UTF-8"?>
<!-- Generated by org.testng.reporters.JUnitReportReporter -->
<testsuite ignored="0" hostname="GC02RH2WYG8WPE" failures="0" tests="10" name="com.yourcompany.Tests.PAOIEndpointTest" time="165.933" errors="0" timestamp="14 Apr 2020 12:43:09 GMT" skipped="0">
  <testcase classname="com.yourcompany.Tests.PAOIEndpointTest" name="verifyPAOIEndpointTest" time="14.515"/>
  <testcase classname="com.yourcompany.Tests.PAOIEndpointTest" name="verifyPAOIEndpointTest" time="23.396"/>
  <testcase classname="com.yourcompany.Tests.PAOIEndpointTest" name="verifyPAOIEndpointTest" time="13.335"/>
  <testcase classname="com.yourcompany.Tests.PAOIEndpointTest" name="verifyPAOIEndpointTest" time="13.564"/>
  <testcase classname="com.yourcompany.Tests.PAOIEndpointTest" name="verifyPAOIEndpointTest" time="18.226"/>
  <testcase classname="com.yourcompany.Tests.PAOIEndpointTest" name="verifyPAOIEndpointTest" time="19.654"/>
  <testcase classname="com.yourcompany.Tests.PAOIEndpointTest" name="verifyPAOIEndpointTest" time="14.272"/>
  <testcase classname="com.yourcompany.Tests.PAOIEndpointTest" name="verifyPAOIEndpointTest" time="13.412"/>
  <testcase classname="com.yourcompany.Tests.PAOIEndpointTest" name="verifyPAOIEndpointTest" time="23.197"/>
  <testcase classname="com.yourcompany.Tests.PAOIEndpointTest" name="verifyPAOIEndpointTest" time="12.362"/>
</testsuite> <!-- com.yourcompany.Tests.PAOIEndpointTest -->
